PRT1
333
1064
4 0 16 (0 2048 -256 ) (0 2048 576 ) (0 2496 576 ) (0 2496 -256 ) 
3 0 15 (2.156270 2048 -113.332993 ) (33.063377 2048 -108 ) (19.797039 2048 -108 ) 
5 0 14 (0 2048 -113.705055 ) (0 2048 -256 ) (126 2048 -256 ) (126 2048 -108 ) (33.063377 2048 -108 ) 
3 0 13 (19.797043 2048 -108 ) (33.975872 2048 -108 ) (60.593803 2048 -95.666702 ) 
3 0 12 (112.390945 2048 -71.666733 ) (126 2048 -65.361038 ) (126 2048 -62.380554 ) 
3 0 11 (33.975872 2048 -108 ) (126 2048 -108 ) (126 2048 -65.361038 ) 
8 0 10 (0 2048 48 ) (0 2048 -83.376801 ) (14.109386 2048 -78.333305 ) (52.625042 2048 -57 ) (84.499969 2048 -31 ) (108.406006 2048 -1.333344 ) (123.016006 2048 30.666611 ) (125.607689 2048 48 ) 
3 0 9 (216.377136 2048 48 ) (209.153870 2048 48 ) (205.358994 2048 26.666536 ) 
3 0 8 (154.891052 2048 -42.666672 ) (177.527863 2048 -27.220383 ) (186.766022 2048 -9.333368 ) 
3 0 7 (126 2048 -62.380569 ) (126 2048 -126.989182 ) (177.527863 2048 -27.220383 ) 
5 0 6 (126 2048 -256 ) (832 2048 -256 ) (832 2048 48 ) (216.377136 2048 48 ) (126 2048 -126.989182 ) 
4 0 5 (209.153870 2048 48 ) (832 2048 48 ) (832 2048 64 ) (212 2048 64 ) 
4 0 4 (0 2048 64 ) (0 2048 48 ) (125.607666 2048 48 ) (128 2048 64 ) 
4 0 2 (212 2048 169 ) (212 2048 576 ) (128 2048 576 ) (128 2048 169 ) 
4 0 3 (0 2048 576 ) (0 2048 64 ) (128 2048 64 ) (128 2048 576 ) 
4 0 1 (212 2048 64 ) (832 2048 64 ) (832 2048 576 ) (212 2048 576 ) 
4 1 89 (576 1024 576 ) (212 1024 576 ) (212 1024 64 ) (576 1024 64 ) 
4 1 86 (577 1024 576 ) (576 1024 576 ) (576 1024 64 ) (577 1024 64 ) 
4 1 85 (832 1024 576 ) (577 1024 576 ) (577 1024 64 ) (832 1024 64 ) 
4 1 5 (832 1024 64 ) (212 1024 64 ) (212 2048 64 ) (832 2048 64 ) 
4 1 2 (212 1024 169 ) (212 1024 576 ) (212 2048 576 ) (212 2048 169 ) 
4 2 96 (128 1024 342 ) (128 1024 169 ) (212 1024 169 ) (212 1024 342 ) 
4 2 94 (212 1024 576 ) (128 1024 576 ) (128 1024 342 ) (212 1024 342 ) 
4 2 3 (128 1024 169 ) (128 1024 576 ) (128 2048 576 ) (128 2048 169 ) 
4 3 98 (0 1024 169 ) (0 1024 64 ) (128 1024 64 ) (128 1024 169 ) 
4 3 96 (0 1024 342 ) (0 1024 169 ) (128 1024 169 ) (128 1024 342 ) 
4 3 94 (128 1024 576 ) (0 1024 576 ) (0 1024 342 ) (128 1024 342 ) 
4 3 23 (0 1024 64 ) (0 1024 193 ) (0 2048 193 ) (0 2048 64 ) 
4 3 18 (0 1024 193 ) (0 1024 194 ) (0 2048 194 ) (0 2048 193 ) 
4 3 17 (0 1024 194 ) (0 1024 576 ) (0 2048 576 ) (0 2048 194 ) 
4 3 4 (128 1024 64 ) (0 1024 64 ) (0 2048 64 ) (128 2048 64 ) 
4 4 99 (128 1024 64 ) (0 1024 64 ) (0 1024 48 ) (125.607666 1024 48 ) 
4 4 26 (0 1024 48 ) (0 1024 64 ) (0 2048 64 ) (0 2048 48 ) 
4 4 10 (125.607666 1024 48 ) (0 1024 48 ) (0 2048 48 ) (125.607666 2048 48 ) 
3 5 100 (212 1024 64 ) (209.153870 1024 48 ) (212 1024 48 ) 
4 5 92 (576 1024 64 ) (212 1024 64 ) (212 1024 48 ) (576 1024 48 ) 
4 5 86 (577 1024 64 ) (576 1024 64 ) (576 1024 48 ) (577 1024 48 ) 
4 5 85 (832 1024 64 ) (577 1024 64 ) (577 1024 48 ) (832 1024 48 ) 
4 5 9 (216.377136 1024 48 ) (209.153870 1024 48 ) (209.153870 2048 48 ) (216.377106 2048 48 ) 
4 5 6 (832 1024 48 ) (216.377136 1024 48 ) (216.377106 2048 48 ) (832 2048 48 ) 
5 6 104 (832 1024 48 ) (216.377136 1024 48 ) (126 1024 -126.989182 ) (126 1024 -256 ) (832 1024 -256 ) 
4 6 14 (126 2048 -256 ) (126 1024 -256 ) (126 1024 -126.989182 ) (126 2048 -126.989182 ) 
4 6 9 (205.357651 1024 26.658995 ) (216.379684 1024 48 ) (216.379700 2048 48 ) (205.357635 2048 26.658932 ) 
4 6 8 (177.531830 1024 -27.217674 ) (186.771606 1024 -9.327509 ) (186.771637 2048 -9.327484 ) (177.531845 2048 -27.217659 ) 
4 6 7 (126 2048 -126.994202 ) (126 1024 -126.994171 ) (177.531830 1024 -27.217674 ) (177.531845 2048 -27.217659 ) 
3 7 107 (126 1024 -62.380569 ) (126 1024 -72.879547 ) (154.891052 1024 -42.666672 ) 
4 7 106 (126 1024 -72.879547 ) (126 1024 -126.989182 ) (177.527863 1024 -27.220383 ) (154.891052 1024 -42.666672 ) 
4 7 14 (126 1024 -126.989182 ) (126 1024 -108 ) (126 2048 -108 ) (126 2048 -126.989182 ) 
4 7 12 (126 1024 -65.361038 ) (126 1024 -62.380562 ) (126 2048 -62.380569 ) (126 2048 -65.361031 ) 
4 7 11 (126 1024 -108 ) (126 1024 -65.361038 ) (126 2048 -65.361031 ) (126 2048 -108 ) 
4 7 8 (154.891953 1024 -42.665730 ) (177.529266 1024 -27.218750 ) (177.529236 2048 -27.218750 ) (154.892029 2048 -42.665649 ) 
3 8 106 (154.891052 1024 -42.666672 ) (177.527863 1024 -27.220383 ) (186.766022 1024 -9.333368 ) 
3 9 105 (216.377136 1024 48 ) (209.153870 1024 48 ) (205.358994 1024 26.666536 ) 
8 10 108 (125.607689 1024 48 ) (0 1024 48 ) (0 1024 -83.376801 ) (14.109386 1024 -78.333305 ) (52.625042 1024 -57 ) (84.499969 1024 -31 ) (108.406006 1024 -1.333344 ) (123.016006 1024 30.666611 ) 
4 10 36 (0 1024 -83.376808 ) (0 1024 48 ) (0 2048 48 ) (0 2048 -83.376801 ) 
3 11 109 (33.975872 1024 -108 ) (126 1024 -108 ) (126 1024 -65.361038 ) 
4 11 14 (33.975872 2048 -108 ) (126 2048 -108 ) (126 1024 -108 ) (33.975876 1024 -108 ) 
4 11 13 (33.976563 2048 -108 ) (33.976563 1024 -108 ) (60.595757 1024 -95.666107 ) (60.595757 2048 -95.666107 ) 
4 11 12 (112.389587 1024 -71.667664 ) (126 1024 -65.361336 ) (126 2048 -65.361336 ) (112.389587 2048 -71.667664 ) 
3 12 110 (112.390945 1024 -71.666733 ) (126 1024 -65.361038 ) (126 1024 -62.380554 ) 
3 13 111 (19.797043 1024 -108 ) (33.975872 1024 -108 ) (60.593803 1024 -95.666702 ) 
4 13 15 (19.797043 2048 -108 ) (33.063370 2048 -108 ) (33.063374 1024 -108 ) (19.797043 1024 -108 ) 
4 13 14 (33.063370 2048 -108 ) (33.975872 2048 -108 ) (33.975876 1024 -108 ) (33.063374 1024 -108 ) 
5 14 112 (0 1024 -113.705055 ) (0 1024 -256 ) (126 1024 -256 ) (126 1024 -108 ) (33.063377 1024 -108 ) 
4 14 48 (0 1024 -120.931755 ) (0 1024 -113.705063 ) (0 2048 -113.705055 ) (0 2048 -120.931755 ) 
4 14 45 (0 1024 -191.375748 ) (0 1024 -120.931755 ) (0 2048 -120.931755 ) (0 2048 -191.375748 ) 
4 14 44 (0 1024 -256 ) (0 1024 -191.375748 ) (0 2048 -191.375748 ) (0 2048 -256 ) 
4 14 15 (2.156460 1024 -113.332939 ) (33.062500 1024 -108 ) (33.062500 2048 -108 ) (2.156517 2048 -113.332916 ) 
3 15 113 (2.156270 1024 -113.332993 ) (33.063377 1024 -108 ) (19.797039 1024 -108 ) 
4 16 68 (-1024 2048 -256 ) (-1024 2048 576 ) (-1024 2496 576 ) (-1024 2496 -256 ) 
4 16 67 (-1024 2048 -19 ) (-1024 2048 -256 ) (-824 2048 -256 ) (-824 2048 -19 ) 
4 16 65 (-1012 2048 48 ) (-1024 2048 48 ) (-1024 2048 -19 ) (-1012 2048 -19 ) 
4 16 55 (-824 2048 48 ) (-1012 2048 48 ) (-1012 2048 -19 ) (-824 2048 -19 ) 
4 16 54 (-824 2048 21 ) (-824 2048 -256 ) (-703 2048 -256 ) (-703 2048 21 ) 
4 16 49 (-703 2048 48 ) (-824 2048 48 ) (-824 2048 21 ) (-703 2048 21 ) 
3 16 48 (0 2048 -120.931755 ) (0 2048 -113.705055 ) (-61.593742 2048 -124.333000 ) 
3 16 47 (-258.156097 2048 -113.332977 ) (-227.884720 2048 -122.484268 ) (-194.405914 2048 -124.333000 ) 
3 16 46 (-227.884720 2048 -122.484268 ) (-197.030090 2048 -131.811890 ) (-128 2048 -128 ) 
3 16 45 (0 2048 -191.375748 ) (0 2048 -120.931755 ) (-197.030090 2048 -131.811890 ) 
5 16 44 (0 2048 -256 ) (0 2048 -191.375748 ) (-275.796936 2048 -108 ) (-703 2048 -108 ) (-703 2048 -256 ) 
3 16 43 (-442.765991 2048 -9.333347 ) (-433.527802 2048 -27.220413 ) (-410.890900 2048 -42.666763 ) 
4 16 42 (-433.527802 2048 -27.220413 ) (-391.807281 2048 -108 ) (-382 2048 -108 ) (-382 2048 -62.380562 ) 
3 16 41 (-461.359009 2048 26.666615 ) (-437.404053 2048 -108 ) (-391.807281 2048 -108 ) 
4 16 40 (-465.153870 2048 48 ) (-703 2048 48 ) (-703 2048 -108 ) (-437.404053 2048 -108 ) 
3 16 39 (-289.976196 2048 -108 ) (-275.796967 2048 -108 ) (-316.593994 2048 -95.666718 ) 
3 16 38 (-315.143921 2048 -108 ) (-289.976196 2048 -108 ) (-368.390961 2048 -71.666725 ) 
3 16 37 (-382 2048 -108 ) (-315.143921 2048 -108 ) (-382 2048 -62.380554 ) 
13 16 36 (0 2048 -83.376808 ) (0 2048 48 ) (-381.607697 2048 48 ) (-379.015991 2048 30.666592 ) (-364.405975 2048 -1.333405 ) (-340.500031 2048 -31 ) (-308.625092 2048 -57 ) (-270.109070 2048 -78.333267 ) (-226.280899 2048 -94 ) (-178.469025 2048 -103.667000 ) (-128 2048 -107 ) (-77.531296 2048 -103.667000 ) (-29.718773 2048 -94 ) 
4 16 34 (-1012 2048 193 ) (-1024 2048 193 ) (-1024 2048 48 ) (-1012 2048 48 ) 
4 16 30 (-824 2048 193 ) (-1012 2048 193 ) (-1012 2048 48 ) (-824 2048 48 ) 
4 16 28 (-703 2048 193 ) (-824 2048 193 ) (-824 2048 48 ) (-703 2048 48 ) 
4 16 27 (-468 2048 64 ) (-703 2048 64 ) (-703 2048 48 ) (-465.153870 2048 48 ) 
4 16 26 (0 2048 48 ) (0 2048 64 ) (-384 2048 64 ) (-381.607697 2048 48 ) 
4 16 24 (-384 2048 193 ) (-468 2048 193 ) (-468 2048 169 ) (-384 2048 169 ) 
4 16 23 (0 2048 64 ) (0 2048 193 ) (-384 2048 193 ) (-384 2048 64 ) 
4 16 25 (-468 2048 193 ) (-703 2048 193 ) (-703 2048 64 ) (-468 2048 64 ) 
4 16 22 (-1012 2048 194 ) (-1024 2048 194 ) (-1024 2048 193 ) (-1012 2048 193 ) 
4 16 20 (-824 2048 194 ) (-1012 2048 194 ) (-1012 2048 193 ) (-824 2048 193 ) 
4 16 19 (-703 2048 194 ) (-824 2048 194 ) (-824 2048 193 ) (-703 2048 193 ) 
4 16 18 (0 2048 193 ) (0 2048 194 ) (-703 2048 194 ) (-703 2048 193 ) 
4 16 17 (0 2048 194 ) (0 2048 576 ) (-1024 2048 576 ) (-1024 2048 194 ) 
4 17 190 (-1024 1024 356 ) (-1024 1024 194 ) (-971 1024 194 ) (-971 1024 356 ) 
4 17 189 (-971 1024 194 ) (-833 1024 194 ) (-833 1024 356 ) (-971 1024 356 ) 
4 17 188 (-833 1024 194 ) (-832 1024 194 ) (-832 1024 356 ) (-833 1024 356 ) 
4 17 185 (-824 1024 194 ) (-703 1024 194 ) (-703 1024 356 ) (-824 1024 356 ) 
4 17 184 (-703 1024 194 ) (-468 1024 194 ) (-468 1024 356 ) (-703 1024 356 ) 
4 17 186 (-832 1024 194 ) (-824 1024 194 ) (-824 1024 356 ) (-832 1024 356 ) 
4 17 183 (-468 1024 576 ) (-1024 1024 576 ) (-1024 1024 356 ) (-468 1024 356 ) 
4 17 164 (0 1024 194 ) (0 1024 576 ) (-468 1024 576 ) (-468 1024 194 ) 
4 17 78 (-1024 1024 194 ) (-1024 1024 576 ) (-1024 1204 576 ) (-1024 1204 194 ) 
4 17 70 (-1024 1204 576 ) (-1024 1238 576 ) (-1024 1238 194 ) (-1024 1204 194 ) 
4 17 69 (-1024 1238 576 ) (-1024 2048 576 ) (-1024 2048 194 ) (-1024 1238 194 ) 
4 17 22 (-1024 1238 194 ) (-1024 2048 194 ) (-1012 2048 194 ) (-1012 1238 194 ) 
4 17 21 (-824 1024 194 ) (-971 1024 194 ) (-971 1082 194 ) (-824 1082 194 ) 
4 17 20 (-1012 1205 194 ) (-1012 2048 194 ) (-824 2048 194 ) (-824 1205 194 ) 
4 17 19 (-824 1205 194 ) (-824 2048 194 ) (-703 2048 194 ) (-703 1205 194 ) 
4 17 18 (0 1024 194 ) (-703 1024 194 ) (-703 2048 194 ) (0 2048 194 ) 
4 18 184 (-468 1024 194 ) (-703 1024 194 ) (-703 1024 193 ) (-468 1024 193 ) 
4 18 164 (0 1024 193 ) (0 1024 194 ) (-468 1024 194 ) (-468 1024 193 ) 
4 18 24 (-384 1024 193 ) (-468 1024 193 ) (-468 2048 193 ) (-384 2048 193 ) 
4 18 23 (0 2048 193 ) (0 1024 193 ) (-384 1024 193 ) (-384 2048 193 ) 
4 18 25 (-468 1024 193 ) (-703 1024 193 ) (-703 2048 193 ) (-468 2048 193 ) 
4 18 19 (-703 2048 193 ) (-703 1205 193 ) (-703 1205 194 ) (-703 2048 194 ) 
4 19 28 (-824 1205 193 ) (-824 2048 193 ) (-703 2048 193 ) (-703 1205 193 ) 
4 19 20 (-824 2048 193 ) (-824 1205 193 ) (-824 1205 194 ) (-824 2048 194 ) 
4 20 30 (-1012 1205 193 ) (-1012 2048 193 ) (-824 2048 193 ) (-824 1205 193 ) 
4 20 22 (-1012 2048 193 ) (-1012 1238 193 ) (-1012 1238 194 ) (-1012 2048 194 ) 
4 21 189 (-833 1024 194 ) (-971 1024 194 ) (-971 1024 193 ) (-833 1024 193 ) 
4 21 188 (-832 1024 194 ) (-833 1024 194 ) (-833 1024 193 ) (-832 1024 193 ) 
4 21 186 (-824 1024 194 ) (-832 1024 194 ) (-832 1024 193 ) (-824 1024 193 ) 
4 21 32 (-825 1024 193 ) (-971 1024 193 ) (-971 1082 193 ) (-825 1082 193 ) 
4 22 69 (-1024 1238 194 ) (-1024 2048 194 ) (-1024 2048 193 ) (-1024 1238 193 ) 
4 22 34 (-1024 1238 193 ) (-1024 2048 193 ) (-1012 2048 193 ) (-1012 1238 193 ) 
4 23 165 (0 1024 64 ) (0 1024 169 ) (-384 1024 169 ) (-384 1024 64 ) 
4 23 164 (0 1024 169 ) (0 1024 193 ) (-384 1024 193 ) (-384 1024 169 ) 
4 23 26 (0 1024 64 ) (-384 1024 64 ) (-384 2048 64 ) (0 2048 64 ) 
4 23 24 (-384 1024 169 ) (-384 1024 193 ) (-384 2048 193 ) (-384 2048 169 ) 
4 24 164 (-384 1024 193 ) (-468 1024 193 ) (-468 1024 169 ) (-384 1024 169 ) 
4 24 25 (-468 1024 169 ) (-468 1024 193 ) (-468 2048 193 ) (-468 2048 169 ) 
4 25 191 (-468 1024 193 ) (-703 1024 193 ) (-703 1024 64 ) (-468 1024 64 ) 
4 25 28 (-703 1205 193 ) (-703 2048 193 ) (-703 2048 64 ) (-703 1205 64 ) 
4 25 27 (-468 1024 64 ) (-703 1024 64 ) (-703 2048 64 ) (-468 2048 64 ) 
4 26 166 (0 1024 48 ) (0 1024 64 ) (-384 1024 64 ) (-381.607697 1024 48 ) 
4 26 36 (0 1024 48 ) (-381.607697 1024 48 ) (-381.607697 2048 48 ) (0 2048 48 ) 
4 27 191 (-468 1024 64 ) (-703 1024 64 ) (-703 1024 48 ) (-468 1024 48 ) 
3 27 167 (-468 1024 64 ) (-468 1024 48 ) (-465.153870 1024 48 ) 
4 27 40 (-465.153870 1024 48 ) (-703 1024 48 ) (-703 2048 48 ) (-465.153870 2048 48 ) 
4 27 28 (-703 2048 48 ) (-703 1205 48 ) (-703 1205 64 ) (-703 2048 64 ) 
4 28 49 (-824 1205 48 ) (-824 2048 48 ) (-703 2048 48 ) (-703 1205 48 ) 
4 28 30 (-824 2048 48 ) (-824 1205 48 ) (-824 1205 193 ) (-824 2048 193 ) 
4 29 196 (-704 1024 193 ) (-824 1024 193 ) (-824 1024 48 ) (-704 1024 48 ) 
4 29 52 (-704 1024 48 ) (-824 1024 48 ) (-824 1204 48 ) (-704 1204 48 ) 
4 29 31 (-824 1204 48 ) (-824 1084 48 ) (-824 1084 193 ) (-824 1204 193 ) 
4 30 55 (-1012 1205 48 ) (-1012 2048 48 ) (-824 2048 48 ) (-824 1205 48 ) 
4 30 34 (-1012 2048 48 ) (-1012 1238 48 ) (-1012 1238 193 ) (-1012 2048 193 ) 
4 31 58 (-1012 1084 48 ) (-1012 1204 48 ) (-824 1204 48 ) (-824 1084 48 ) 
4 31 35 (-1012 1204 48 ) (-1012 1084 48 ) (-1012 1084 193 ) (-1012 1204 193 ) 
4 32 204 (-832 1024 193 ) (-833 1024 193 ) (-833 1024 48 ) (-832 1024 48 ) 
4 32 206 (-833 1024 193 ) (-971 1024 193 ) (-971 1024 48 ) (-833 1024 48 ) 
4 32 199 (-825 1024 193 ) (-832 1024 193 ) (-832 1024 48 ) (-825 1024 48 ) 
4 32 63 (-825 1024 48 ) (-971 1024 48 ) (-971 1082 48 ) (-825 1082 48 ) 
4 33 207 (-972 1024 193 ) (-1012 1024 193 ) (-1012 1024 48 ) (-972 1024 48 ) 
4 33 64 (-972 1024 48 ) (-1012 1024 48 ) (-1012 1082 48 ) (-972 1082 48 ) 
4 33 35 (-1012 1082 48 ) (-1012 1024 48 ) (-1012 1024 193 ) (-1012 1082 193 ) 
4 34 69 (-1024 1238 193 ) (-1024 2048 193 ) (-1024 2048 48 ) (-1024 1238 48 ) 
4 34 65 (-1024 1238 48 ) (-1024 2048 48 ) (-1012 2048 48 ) (-1012 1238 48 ) 
4 35 207 (-1012 1024 193 ) (-1024 1024 193 ) (-1024 1024 48 ) (-1012 1024 48 ) 
4 35 81 (-1024 1024 48 ) (-1024 1024 193 ) (-1024 1204 193 ) (-1024 1204 48 ) 
4 35 66 (-1012 1024 48 ) (-1024 1024 48 ) (-1024 1204 48 ) (-1012 1204 48 ) 
13 36 208 (0 1024 -83.376808 ) (0 1024 48 ) (-381.607697 1024 48 ) (-379.015991 1024 30.666592 ) (-364.405975 1024 -1.333405 ) (-340.500031 1024 -31 ) (-308.625092 1024 -57 ) (-270.109070 1024 -78.333267 ) (-226.280899 1024 -94 ) (-178.469025 1024 -103.667000 ) (-128 1024 -107 ) (-77.531296 1024 -103.667000 ) (-29.718773 1024 -94 ) 
3 37 209 (-382 1024 -108 ) (-315.143921 1024 -108 ) (-382 1024 -62.380554 ) 
4 37 44 (-382 2048 -108 ) (-315.143921 2048 -108 ) (-315.143921 1024 -108 ) (-382 1024 -108 ) 
4 37 42 (-382 2048 -108 ) (-382 1024 -108 ) (-382 1024 -62.380562 ) (-382 2048 -62.380562 ) 
4 37 38 (-368.382019 1024 -71.670868 ) (-315.141174 1024 -108 ) (-315.141174 2048 -108 ) (-368.382080 2048 -71.670830 ) 
3 38 210 (-315.143921 1024 -108 ) (-289.976196 1024 -108 ) (-368.390961 1024 -71.666725 ) 
4 38 44 (-315.143921 2048 -108 ) (-289.976196 2048 -108 ) (-289.976196 1024 -108 ) (-315.143921 1024 -108 ) 
4 38 39 (-316.596649 1024 -95.665901 ) (-289.977051 1024 -108 ) (-289.977020 2048 -108 ) (-316.596527 2048 -95.665947 ) 
3 39 211 (-289.976196 1024 -108 ) (-275.796967 1024 -108 ) (-316.593994 1024 -95.666718 ) 
4 39 44 (-289.976196 2048 -108 ) (-275.796967 2048 -108 ) (-275.796967 1024 -108 ) (-289.976196 1024 -108 ) 
4 40 212 (-465.153870 1024 48 ) (-703 1024 48 ) (-703 1024 -108 ) (-437.404053 1024 -108 ) 
4 40 54 (-703 2048 21 ) (-703 2048 -108 ) (-703 1024 -108 ) (-703 1024 21 ) 
3 40 50 (-703 1084 21 ) (-703 1024 21 ) (-703 1024 33.765965 ) 
4 40 49 (-703 1205 48 ) (-703 2048 48 ) (-703 2048 21 ) (-703 1205 21 ) 
4 40 44 (-703 1024 -108 ) (-703 2048 -108 ) (-437.404053 2048 -108 ) (-437.404053 1024 -108 ) 
4 40 41 (-437.404419 1024 -108 ) (-437.404419 2048 -108 ) (-461.359558 2048 26.667648 ) (-461.359558 1024 26.667643 ) 
3 41 213 (-461.359009 1024 26.666615 ) (-437.404053 1024 -108 ) (-391.807281 1024 -108 ) 
4 41 44 (-437.404053 2048 -108 ) (-391.807281 2048 -108 ) (-391.807281 1024 -108 ) (-437.404053 1024 -108 ) 
4 41 43 (-433.527283 2048 -27.220749 ) (-442.765259 2048 -9.334110 ) (-442.765259 1024 -9.334114 ) (-433.527283 1024 -27.220753 ) 
4 41 42 (-391.806946 1024 -108 ) (-391.806946 2048 -108 ) (-433.527283 2048 -27.220749 ) (-433.527283 1024 -27.220753 ) 
4 42 214 (-433.527802 1024 -27.220413 ) (-391.807281 1024 -108 ) (-382 1024 -108 ) (-382 1024 -62.380562 ) 
4 42 44 (-391.807281 2048 -108 ) (-382 2048 -108 ) (-382 1024 -108 ) (-391.807281 1024 -108 ) 
4 42 43 (-433.525330 2048 -27.220764 ) (-433.525360 1024 -27.220734 ) (-410.895142 1024 -42.662331 ) (-410.895172 2048 -42.662304 ) 
3 43 215 (-442.765991 1024 -9.333347 ) (-433.527802 1024 -27.220413 ) (-410.890900 1024 -42.666763 ) 
3 44 220 (-227.884720 1024 -122.484268 ) (-275.796936 1024 -108 ) (-490.181580 1024 -108 ) 
6 44 217 (0 1024 -256 ) (0 1024 -191.375748 ) (-227.884720 1024 -122.484268 ) (-490.181580 1024 -108 ) (-703 1024 -108 ) (-703 1024 -256 ) 
4 44 54 (-703 2048 -108 ) (-703 2048 -256 ) (-703 1024 -256 ) (-703 1024 -108 ) 
4 44 47 (-258.160187 1024 -113.332268 ) (-227.886841 1024 -122.484154 ) (-227.886810 2048 -122.484154 ) (-258.160034 2048 -113.332306 ) 
4 44 46 (-227.886841 1024 -122.484154 ) (-197.031555 1024 -131.811966 ) (-197.031525 2048 -131.811966 ) (-227.886810 2048 -122.484154 ) 
4 44 45 (-197.031555 1024 -131.811966 ) (0 1024 -191.376251 ) (0 2048 -191.376236 ) (-197.031525 2048 -131.811966 ) 
3 45 218 (0 1024 -135.068268 ) (0 1024 -120.931755 ) (-128 1024 -128 ) 
4 45 217 (0 1024 -191.375748 ) (0 1024 -135.068268 ) (-128 1024 -128 ) (-197.030090 1024 -131.811890 ) 
4 45 48 (-61.594109 1024 -124.333069 ) (0 1024 -120.931801 ) (0 2048 -120.931808 ) (-61.594177 2048 -124.333084 ) 
4 45 46 (-197.029114 2048 -131.811890 ) (-197.029205 1024 -131.811890 ) (-128 1024 -128 ) (-128 2048 -128 ) 
3 46 217 (-227.884720 1024 -122.484268 ) (-197.030090 1024 -131.811890 ) (-128 1024 -128 ) 
4 46 47 (-227.883789 2048 -122.484444 ) (-227.883774 1024 -122.484444 ) (-194.404938 1024 -124.333176 ) (-194.404953 2048 -124.333176 ) 
3 47 221 (-258.156097 1024 -113.332977 ) (-227.884720 1024 -122.484268 ) (-194.405914 1024 -124.333000 ) 
3 48 219 (0 1024 -120.931755 ) (0 1024 -113.705055 ) (-61.593742 1024 -124.333000 ) 
4 49 55 (-824 1205 48 ) (-824 2048 48 ) (-824 2048 21 ) (-824 1205 21 ) 
4 49 54 (-824 1205 21 ) (-824 2048 21 ) (-703 2048 21 ) (-703 1205 21 ) 
4 50 216 (-703 1024 21 ) (-703 1024 33.765965 ) (-704 1024 33.765965 ) (-704 1024 21 ) 
4 50 54 (-703 1084 21 ) (-703 1024 21 ) (-704 1024 21 ) (-704 1084 21 ) 
4 50 53 (-704 1084 21 ) (-704 1024 21 ) (-704 1024 24 ) (-704 1069.900024 24 ) 
3 50 51 (-704 1024 24 ) (-704 1024 33.765965 ) (-704 1069.900024 24 ) 
4 51 222 (-824 1024 33.765968 ) (-824 1024 24 ) (-704 1024 24 ) (-704 1024 33.765968 ) 
3 51 62 (-824 1024 24 ) (-824 1024 33.765968 ) (-824 1069.900024 24 ) 
4 51 53 (-824 1024 24 ) (-824 1069.900024 24 ) (-704 1069.900024 24 ) (-704 1024 24 ) 
4 52 223 (-704 1024 48 ) (-824 1024 48 ) (-824 1024 36.765976 ) (-704 1024 36.765976 ) 
4 52 58 (-824 1084 48 ) (-824 1204 48 ) (-824 1204 24 ) (-824 1084 24 ) 
4 53 222 (-824 1024 24 ) (-824 1024 21 ) (-704 1024 21 ) (-704 1024 24 ) 
5 53 62 (-824 1024 21 ) (-824 1024 24 ) (-824 1069.900024 24 ) (-824 1082 21.425533 ) (-824 1082 21 ) 
3 53 59 (-824 1082 21.425533 ) (-824 1084 21 ) (-824 1082 21 ) 
4 53 54 (-824 1024 21 ) (-824 1084 21 ) (-704 1084 21 ) (-704 1024 21 ) 
4 54 227 (-824 1024 -19 ) (-824 1024 -256 ) (-704 1024 -256 ) (-704 1024 -19 ) 
4 54 222 (-704 1024 21 ) (-824 1024 21 ) (-824 1024 -19 ) (-704 1024 -19 ) 
4 54 217 (-703 1024 -256 ) (-703 1024 -108 ) (-704 1024 -108 ) (-704 1024 -256 ) 
4 54 216 (-703 1024 -108 ) (-703 1024 21 ) (-704 1024 21 ) (-704 1024 -108 ) 
4 54 67 (-824 1024 -256 ) (-824 1024 -19 ) (-824 2048 -19 ) (-824 2048 -256 ) 
4 54 62 (-824 1024 -19 ) (-824 1024 21 ) (-824 1082 21 ) (-824 1082 -19 ) 
4 54 59 (-824 1082 21 ) (-824 1084 21 ) (-824 1084 -19 ) (-824 1082 -19 ) 
4 54 57 (-824 1084 21 ) (-824 1204 21 ) (-824 1204 -19 ) (-824 1084 -19 ) 
4 54 56 (-824 1204 21 ) (-824 1205 21 ) (-824 1205 -19 ) (-824 1204 -19 ) 
4 54 55 (-824 1205 21 ) (-824 2048 21 ) (-824 2048 -19 ) (-824 1205 -19 ) 
4 55 67 (-1012 2048 -19 ) (-824 2048 -19 ) (-824 1205 -19 ) (-1012 1205 -19 ) 
4 55 65 (-1012 2048 -19 ) (-1012 1238 -19 ) (-1012 1238 48 ) (-1012 2048 48 ) 
3 55 56 (-1012 1205 -19 ) (-824 1205 -19 ) (-824 1205 21 ) 
4 56 67 (-824 1205 -19 ) (-824 1204 -19 ) (-1012 1204 -19 ) (-1012 1205 -19 ) 
3 56 57 (-1012 1204 -19 ) (-824 1204 -19 ) (-824 1204 21 ) 
4 57 67 (-824 1204 -19 ) (-824 1084 -19 ) (-1012 1084 -19 ) (-1012 1204 -19 ) 
3 57 61 (-1012 1084 -19 ) (-965 1084 -19 ) (-965 1084 -9 ) 
4 57 60 (-965 1084 -19 ) (-825 1084 -19 ) (-825 1084 20.787233 ) (-965 1084 -9 ) 
4 57 59 (-825 1084 -19 ) (-824 1084 -19 ) (-824 1084 21 ) (-825 1084 20.787233 ) 
4 58 66 (-1012 1084 -16 ) (-1012 1084 48 ) (-1012 1204 48 ) (-1012 1204 -16 ) 
4 59 67 (-824 1084 -19 ) (-824 1082 -19 ) (-825 1082 -19 ) (-825 1084 -19 ) 
4 59 62 (-825 1082 -19 ) (-824 1082 -19 ) (-824 1082 21.425556 ) (-825 1082 21.425554 ) 
4 59 60 (-825 1084 20.787249 ) (-825 1084 -19 ) (-825 1082 -19 ) (-825 1082 20.787239 ) 
4 60 67 (-825 1082 -19 ) (-965 1082 -19 ) (-965 1084 -19 ) (-825 1084 -19 ) 
4 60 63 (-965 1082 -19 ) (-825 1082 -19 ) (-825 1082 20.787243 ) (-965 1082 -9 ) 
4 60 61 (-965 1083 -9 ) (-965 1084 -9 ) (-965 1084 -19 ) (-965 1083 -19 ) 
4 61 67 (-1012 1083 -19 ) (-1012 1084 -19 ) (-965 1084 -19 ) (-965 1083 -19 ) 
4 62 224 (-824 1024 -19 ) (-824 1024 33.765965 ) (-825 1024 33.765965 ) (-825 1024 -19 ) 
4 62 67 (-824 1082 -19 ) (-824 1024 -19 ) (-825 1024 -19 ) (-825 1082 -19 ) 
4 62 63 (-825 1082 21.425554 ) (-825 1082 -19 ) (-825 1024 -19 ) (-825 1024 33.765965 ) 
4 63 225 (-825 1024 48 ) (-971 1024 48 ) (-971 1024 -19 ) (-825 1024 -19 ) 
4 63 67 (-825 1024 -19 ) (-971 1024 -19 ) (-971 1082 -19 ) (-825 1082 -19 ) 
4 64 226 (-972 1024 48 ) (-1012 1024 48 ) (-1012 1024 -16 ) (-972 1024 -16 ) 
4 64 66 (-1012 1024 -16 ) (-1012 1024 48 ) (-1012 1082 48 ) (-1012 1082 -16 ) 
4 65 69 (-1024 1238 48 ) (-1024 2048 48 ) (-1024 2048 -19 ) (-1024 1238 -19 ) 
4 65 67 (-1024 1238 -19 ) (-1024 2048 -19 ) (-1012 2048 -19 ) (-1012 1238 -19 ) 
4 66 226 (-1012 1024 48 ) (-1024 1024 48 ) (-1024 1024 -16 ) (-1012 1024 -16 ) 
4 66 81 (-1024 1024 -16 ) (-1024 1024 48 ) (-1024 1204 48 ) (-1024 1204 -16 ) 
4 67 227 (-824 1024 -256 ) (-824 1024 -19 ) (-1024 1024 -19 ) (-1024 1024 -256 ) 
4 67 82 (-1024 1024 -256 ) (-1024 1024 -19 ) (-1024 1204 -19 ) (-1024 1204 -256 ) 
4 67 77 (-1024 1204 -19 ) (-1024 1238 -19 ) (-1024 1238 -256 ) (-1024 1204 -256 ) 
4 67 69 (-1024 1238 -19 ) (-1024 2048 -19 ) (-1024 2048 -256 ) (-1024 1238 -256 ) 
4 68 69 (-1024 2048 -256 ) (-1024 2048 576 ) (-1688 2048 576 ) (-1688 2048 -256 ) 
4 69 77 (-1024 1238 -256 ) (-1024 1238 -19 ) (-1688 1238 -19 ) (-1688 1238 -256 ) 
4 69 76 (-1352 1238 193 ) (-1688 1238 193 ) (-1688 1238 -19 ) (-1352 1238 -19 ) 
4 69 75 (-1250 1238 193 ) (-1284 1238 193 ) (-1284 1238 -16 ) (-1250 1238 -16 ) 
4 69 74 (-1182 1238 193 ) (-1216 1238 193 ) (-1216 1238 -16 ) (-1182 1238 -16 ) 
4 69 73 (-1114 1238 193 ) (-1148 1238 193 ) (-1148 1238 -16 ) (-1114 1238 -16 ) 
4 69 72 (-1046 1238 193 ) (-1080 1238 193 ) (-1080 1238 -16 ) (-1046 1238 -16 ) 
4 69 70 (-1024 1238 194 ) (-1024 1238 576 ) (-1352 1238 576 ) (-1352 1238 194 ) 
4 69 71 (-1352 1238 576 ) (-1688 1238 576 ) (-1688 1238 193 ) (-1352 1238 193 ) 
4 70 78 (-1024 1204 194 ) (-1024 1204 576 ) (-1352 1204 576 ) (-1352 1204 194 ) 
4 70 71 (-1352 1204 194 ) (-1352 1204 576 ) (-1352 1238 576 ) (-1352 1238 194 ) 
4 71 79 (-1688 1204 194 ) (-1688 1204 193 ) (-1352 1204 193 ) (-1352 1204 194 ) 
4 71 78 (-1352 1204 576 ) (-1688 1204 576 ) (-1688 1204 194 ) (-1352 1204 194 ) 
4 71 76 (-1352 1204 193 ) (-1688 1204 193 ) (-1688 1238 193 ) (-1352 1238 193 ) 
4 72 81 (-1046 1204 193 ) (-1080 1204 193 ) (-1080 1204 -16 ) (-1046 1204 -16 ) 
4 73 81 (-1114 1204 193 ) (-1148 1204 193 ) (-1148 1204 -16 ) (-1114 1204 -16 ) 
4 74 81 (-1182 1204 193 ) (-1216 1204 193 ) (-1216 1204 -16 ) (-1182 1204 -16 ) 
4 75 81 (-1250 1204 193 ) (-1284 1204 193 ) (-1284 1204 -16 ) (-1250 1204 -16 ) 
4 76 84 (-1352 1204 193 ) (-1688 1204 193 ) (-1688 1204 -19 ) (-1352 1204 -19 ) 
4 76 77 (-1352 1204 -19 ) (-1688 1204 -19 ) (-1688 1238 -19 ) (-1352 1238 -19 ) 
4 77 83 (-1330 1204 -19 ) (-1331 1204 -19 ) (-1331 1204 -256 ) (-1330 1204 -256 ) 
4 77 84 (-1331 1204 -19 ) (-1688 1204 -19 ) (-1688 1204 -256 ) (-1331 1204 -256 ) 
4 77 82 (-1024 1204 -256 ) (-1024 1204 -19 ) (-1330 1204 -19 ) (-1330 1204 -256 ) 
4 78 299 (-1024 1024 194 ) (-1024 1024 576 ) (-1331 1024 576 ) (-1331 1024 194 ) 
4 78 300 (-1331 1024 576 ) (-1688 1024 576 ) (-1688 1024 194 ) (-1331 1024 194 ) 
4 78 80 (-1331 1024 194 ) (-1688 1024 194 ) (-1688 1082 194 ) (-1331 1082 194 ) 
4 78 79 (-1688 1082 194 ) (-1688 1204 194 ) (-1330 1204 194 ) (-1330 1082 194 ) 
4 79 84 (-1688 1082 193 ) (-1688 1204 193 ) (-1331 1204 193 ) (-1331 1082 193 ) 
4 79 80 (-1331 1082 194 ) (-1688 1082 194 ) (-1688 1082 193 ) (-1331 1082 193 ) 
4 80 300 (-1331 1024 194 ) (-1688 1024 194 ) (-1688 1024 193 ) (-1331 1024 193 ) 
4 80 84 (-1331 1024 193 ) (-1688 1024 193 ) (-1688 1082 193 ) (-1331 1082 193 ) 
4 81 301 (-1024 1024 -16 ) (-1024 1024 193 ) (-1330 1024 193 ) (-1330 1024 -16 ) 
4 82 303 (-1024 1024 -256 ) (-1024 1024 -19 ) (-1330 1024 -19 ) (-1330 1024 -256 ) 
4 82 83 (-1330 1024 -256 ) (-1330 1024 -19 ) (-1330 1204 -19 ) (-1330 1204 -256 ) 
4 83 303 (-1330 1024 -256 ) (-1330 1024 -19 ) (-1331 1024 -19 ) (-1331 1024 -256 ) 
4 83 84 (-1331 1204 -256 ) (-1331 1024 -256 ) (-1331 1024 -19 ) (-1331 1204 -19 ) 
4 84 303 (-1688 1024 -19 ) (-1688 1024 -256 ) (-1331 1024 -256 ) (-1331 1024 -19 ) 
4 84 302 (-1331 1024 193 ) (-1688 1024 193 ) (-1688 1024 -19 ) (-1331 1024 -19 ) 
4 85 122 (577 0 48 ) (832 0 48 ) (832 0 64 ) (577 0 64 ) 
4 85 114 (832 0 64 ) (832 0 576 ) (577 0 576 ) (577 0 64 ) 
4 85 104 (832 0 48 ) (577 0 48 ) (577 1024 48 ) (832 1024 48 ) 
4 85 87 (577 0 356 ) (577 0 576 ) (577 897 576 ) (577 897 356 ) 
4 85 88 (577 897 48 ) (577 0 48 ) (577 0 64 ) (577 897 64 ) 
4 85 86 (577 1024 48 ) (577 897 48 ) (577 897 576 ) (577 1024 576 ) 
4 86 104 (576 897 48 ) (576 1024 48 ) (577 1024 48 ) (577 897 48 ) 
4 86 92 (576 1024 64 ) (576 1024 48 ) (576 897 48 ) (576 897 64 ) 
4 86 89 (576 1024 576 ) (576 1024 64 ) (576 897 64 ) (576 897 576 ) 
4 86 87 (577 897 356 ) (577 897 576 ) (576 897 576 ) (576 897 356 ) 
4 86 88 (577 897 48 ) (577 897 64 ) (576 897 64 ) (576 897 48 ) 
4 87 115 (577 0 356 ) (577 0 576 ) (576 0 576 ) (576 0 356 ) 
4 87 90 (576 896 576 ) (576 897 576 ) (576 897 356 ) (576 896 356 ) 
4 87 91 (576 0 356 ) (576 0 576 ) (576 896 576 ) (576 896 356 ) 
4 88 122 (576 0 48 ) (577 0 48 ) (577 0 64 ) (576 0 64 ) 
4 88 104 (577 0 48 ) (576 0 48 ) (576 897 48 ) (577 897 48 ) 
4 88 93 (576 897 48 ) (576 0 48 ) (576 0 57 ) (576 897 57 ) 
4 89 96 (212 1024 342 ) (212 1024 169 ) (212 897 169 ) (212 897 342 ) 
4 89 94 (212 897 576 ) (212 1024 576 ) (212 1024 342 ) (212 897 342 ) 
4 89 92 (212 897 64 ) (212 1024 64 ) (576 1024 64 ) (576 897 64 ) 
4 89 90 (576 897 356 ) (576 897 576 ) (212 897 576 ) (212 897 356 ) 
4 90 95 (212 896 576 ) (212 897 576 ) (212 897 356 ) (212 896 356 ) 
4 90 91 (576 896 356 ) (576 896 576 ) (212 896 576 ) (212 896 356 ) 
4 91 116 (576 0 64 ) (576 0 576 ) (212 0 576 ) (212 0 64 ) 
4 91 101 (212 0 64 ) (212 0 576 ) (212 896 576 ) (212 896 64 ) 
4 92 105 (212 897 48 ) (212 1024 48 ) (216.377106 1024 48 ) (216.377106 897 48 ) 
4 92 104 (216.377106 1024 48 ) (576 1024 48 ) (576 897 48 ) (216.377106 897 48 ) 
4 92 100 (212 1024 48 ) (212 897 48 ) (212 897 64 ) (212 1024 64 ) 
4 92 93 (576 897 48 ) (576 897 57 ) (212 897 57 ) (212 897 48 ) 
4 93 123 (212 0 48 ) (576 0 48 ) (576 0 57 ) (212 0 57 ) 
4 93 105 (216.377106 0 48 ) (212 0 48 ) (212 897 48 ) (216.377106 897 48 ) 
4 93 104 (576 0 48 ) (216.377106 0 48 ) (216.377106 897 48 ) (576 897 48 ) 
4 93 103 (212 896 48 ) (212 0 48 ) (212 0 57 ) (212 896 57 ) 
4 93 100 (212 897 48 ) (212 896 48 ) (212 896 57 ) (212 897 57 ) 
4 94 164 (0 1024 576 ) (0 1024 342 ) (0 897 342 ) (0 897 576 ) 
4 94 96 (0 897 342 ) (0 1024 342 ) (212 1024 342 ) (212 897 342 ) 
4 94 95 (212 897 356 ) (212 897 576 ) (0 897 576 ) (0 897 356 ) 
4 95 168 (0 896 356 ) (0 896 576 ) (0 897 576 ) (0 897 356 ) 
4 95 101 (0 896 576 ) (0 896 356 ) (212 896 356 ) (212 896 576 ) 
4 96 164 (0 1024 342 ) (0 1024 169 ) (0 897 169 ) (0 897 342 ) 
4 96 98 (0 897 169 ) (0 1024 169 ) (128 1024 169 ) (128 897 169 ) 
9 96 97 (0 897 169 ) (212 897 169 ) (206 897 205 ) (187 897 240 ) (156 897 273 ) (113 897 301 ) (61 897 325 ) (3 897 342 ) (0 897 342 ) 
4 97 169 (0 897 169 ) (0 896 169 ) (0 896 342 ) (0 897 342 ) 
9 97 101 (0 896 342 ) (0 896 169 ) (212 896 169 ) (206 896 205 ) (187 896 240 ) (156 896 273 ) (113 896 301 ) (61 896 325 ) (3 896 342 ) 
4 97 98 (128 896 169 ) (0 896 169 ) (0 897 169 ) (128 897 169 ) 
4 98 170 (0 897 64 ) (0 896 64 ) (0 896 169 ) (0 897 169 ) 
4 98 165 (0 1024 169 ) (0 1024 64 ) (0 897 64 ) (0 897 169 ) 
4 98 101 (0 896 169 ) (0 896 64 ) (128 896 64 ) (128 896 169 ) 
4 98 99 (128 896 64 ) (0 896 64 ) (0 1024 64 ) (128 1024 64 ) 
4 99 171 (0 897 48 ) (0 896 48 ) (0 896 64 ) (0 897 64 ) 
4 99 166 (0 1024 64 ) (0 1024 48 ) (0 897 48 ) (0 897 64 ) 
4 99 108 (0 896 48 ) (0 1024 48 ) (125.607681 1024 48 ) (125.607674 896 48 ) 
4 99 102 (0 896 64 ) (0 896 48 ) (125.607681 896 48 ) (128 896 64 ) 
4 100 105 (209.153870 1024 48 ) (212 1024 48 ) (212 896 48 ) (209.153854 896 48 ) 
3 100 103 (209.153870 896 48 ) (212 896 48 ) (212 896 64 ) 
4 101 173 (0 0 64 ) (0 0 576 ) (0 896 576 ) (0 896 64 ) 
4 101 121 (0 0 576 ) (0 0 64 ) (128 0 64 ) (128 0 576 ) 
4 101 118 (128 0 64 ) (145 0 64 ) (145 0 576 ) (128 0 576 ) 
4 101 116 (145 0 64 ) (212 0 64 ) (212 0 576 ) (145 0 576 ) 
4 101 102 (0 0 64 ) (0 896 64 ) (128 896 64 ) (128 0 64 ) 
4 102 173 (0 896 48 ) (0 0 48 ) (0 0 64 ) (0 896 64 ) 
4 102 124 (0 0 64 ) (0 0 48 ) (125.607681 0 48 ) (128 0 64 ) 
4 102 108 (125.607674 0 48 ) (0 0 48 ) (0 896 48 ) (125.607681 896 48 ) 
3 103 125 (209.153870 0 48 ) (212 0 48 ) (212 0 64 ) 
4 103 105 (212 0 48 ) (209.153854 0 48 ) (209.153870 896 48 ) (212 896 48 ) 
4 104 138 (126 0 -256 ) (155.077179 0 -256 ) (205.358978 0 26.666540 ) (126 0 -126.989182 ) 
5 104 137 (155.077179 0 -256 ) (832 0 -256 ) (832 0 48 ) (216.377136 0 48 ) (205.358978 0 26.666540 ) 
4 104 112 (126 1024 -256 ) (126 0 -256 ) (126 0 -126.989182 ) (126 1024 -126.989182 ) 
4 104 106 (126 1024 -126.994171 ) (126 0 -126.994141 ) (186.771530 0 -9.327606 ) (186.771591 1024 -9.327520 ) 
4 104 105 (205.357635 0 26.659027 ) (216.379669 0 48 ) (216.379684 1024 48 ) (205.357651 1024 26.659021 ) 
3 105 137 (216.377136 0 48 ) (209.153870 0 48 ) (205.358978 0 26.666534 ) 
3 106 140 (177.527863 0 -27.220383 ) (186.766022 0 -9.333351 ) (154.891022 0 -42.666687 ) 
4 106 139 (126 0 -72.879532 ) (126 0 -126.989182 ) (177.527863 0 -27.220383 ) (154.891022 0 -42.666687 ) 
4 106 112 (126 0 -126.989182 ) (126 0 -108 ) (126 1024 -108 ) (126 1024 -126.989182 ) 
4 106 109 (126 0 -108 ) (126 0 -72.879539 ) (126 1024 -72.879532 ) (126 1024 -108 ) 
4 106 107 (126 1024 -72.875267 ) (126 0 -72.875259 ) (154.878784 0 -42.675041 ) (154.878815 1024 -42.675007 ) 
3 107 139 (126 0 -62.380562 ) (126 0 -72.879532 ) (154.891022 0 -42.666687 ) 
4 107 110 (126 0 -65.361038 ) (126 0 -62.380550 ) (126 1024 -62.380562 ) (126 1024 -65.361031 ) 
4 107 109 (126 0 -72.879539 ) (126 0 -65.361038 ) (126 1024 -65.361031 ) (126 1024 -72.879532 ) 
4 108 208 (0 1024 48 ) (0 1024 -83.376801 ) (0 0 -83.376808 ) (0 0 48 ) 
8 108 141 (0 0 48 ) (0 0 -83.376801 ) (14.109386 0 -78.333305 ) (52.625042 0 -57 ) (84.499954 0 -31 ) (108.406013 0 -1.333321 ) (123.016006 0 30.666607 ) (125.607689 0 48 ) 
3 109 143 (33.975872 0 -108 ) (59.143902 0 -108 ) (112.390945 0 -71.666733 ) 
4 109 142 (59.143902 0 -108 ) (126 0 -108 ) (126 0 -65.361038 ) (112.390945 0 -71.666733 ) 
4 109 112 (126 1024 -108 ) (126 0 -108 ) (33.975876 0 -108 ) (33.975872 1024 -108 ) 
4 109 111 (33.976563 1024 -108 ) (33.976563 0 -108 ) (60.595757 0 -95.666107 ) (60.595757 1024 -95.666107 ) 
4 109 110 (112.389587 0 -71.667664 ) (126 0 -65.361336 ) (126 1024 -65.361336 ) (112.389587 1024 -71.667664 ) 
3 110 142 (112.390945 0 -71.666733 ) (126 0 -65.361038 ) (126 0 -62.380554 ) 
3 111 144 (19.797043 0 -108 ) (33.975872 0 -108 ) (60.593803 0 -95.666702 ) 
4 111 113 (33.063374 0 -108 ) (19.797043 0 -108 ) (19.797043 1024 -108 ) (33.063370 1024 -108 ) 
4 111 112 (33.975876 0 -108 ) (33.063374 0 -108 ) (33.063370 1024 -108 ) (33.975872 1024 -108 ) 
4 112 219 (0 1024 -113.705055 ) (0 1024 -120.931755 ) (0 0 -120.931755 ) (0 0 -113.705063 ) 
4 112 218 (0 1024 -120.931755 ) (0 1024 -135.068268 ) (0 0 -135.068283 ) (0 0 -120.931755 ) 
4 112 217 (0 1024 -135.068268 ) (0 1024 -256 ) (0 0 -256 ) (0 0 -135.068283 ) 
5 112 145 (0 0 -113.705055 ) (0 0 -256 ) (126 0 -256 ) (126 0 -108 ) (33.063377 0 -108 ) 
4 112 113 (33.062500 0 -108 ) (33.062500 1024 -108 ) (2.156517 1024 -113.332916 ) (2.156517 0 -113.332916 ) 
3 113 146 (2.156270 0 -113.332993 ) (33.063377 0 -108 ) (19.797039 0 -108 ) 
4 114 126 (832 -292 576 ) (577 -292 576 ) (577 -292 64 ) (832 -292 64 ) 
4 114 122 (832 -292 64 ) (577 -292 64 ) (577 0 64 ) (832 0 64 ) 
4 114 115 (577 -292 356 ) (577 -292 576 ) (577 0 576 ) (577 0 356 ) 
4 115 127 (577 -292 576 ) (576 -292 576 ) (576 -292 356 ) (577 -292 356 ) 
4 115 117 (576 -292 356 ) (576 -292 576 ) (576 -4 576 ) (576 -4 356 ) 
4 115 116 (576 -4 576 ) (576 0 576 ) (576 0 356 ) (576 -4 356 ) 
4 116 118 (145 0 64 ) (145 -4 64 ) (145 -4 576 ) (145 0 576 ) 
5 116 117 (145 -4 576 ) (145 -4 187.330475 ) (448 -4 64 ) (576 -4 64 ) (576 -4 576 ) 
7 117 132 (145 -292 279.666656 ) (145 -292 187.330475 ) (190.034576 -292 169 ) (212 -292 169 ) (206 -292 205 ) (187 -292 240 ) (155 -292 273 ) 
4 117 130 (212 -292 576 ) (145 -292 576 ) (145 -292 356 ) (212 -292 356 ) 
4 117 127 (576 -292 576 ) (212 -292 576 ) (212 -292 356 ) (576 -292 356 ) 
4 117 119 (145 -292 232.250000 ) (145 -292 576 ) (145 -4 576 ) (145 -4 232.250000 ) 
4 117 120 (145 -292 205.250000 ) (145 -292 223.250000 ) (145 -4 223.250000 ) (145 -4 205.250000 ) 
4 118 121 (128 0 576 ) (128 0 64 ) (128 -4 64 ) (128 -4 576 ) 
4 118 119 (145 -4 232.250000 ) (145 -4 576 ) (128 -4 576 ) (128 -4 232.250000 ) 
4 118 120 (145 -4 205.250000 ) (145 -4 223.250000 ) (128 -4 223.250000 ) (128 -4 205.250000 ) 
4 119 132 (128 -292 291 ) (128 -292 232.250000 ) (145 -292 232.250000 ) (145 -292 279.666687 ) 
4 119 130 (145 -292 576 ) (128 -292 576 ) (128 -292 356 ) (145 -292 356 ) 
4 119 121 (128 -292 232.250000 ) (128 -292 576 ) (128 -4 576 ) (128 -4 232.250000 ) 
4 120 132 (128 -292 223.250000 ) (128 -292 205.250000 ) (145 -292 205.250000 ) (145 -292 223.250000 ) 
4 120 121 (128 -292 205.250000 ) (128 -292 223.250000 ) (128 -4 223.250000 ) (128 -4 205.250000 ) 
4 121 228 (0 0 576 ) (0 0 64 ) (0 -292 64 ) (0 -292 576 ) 
4 121 134 (0 -292 169 ) (0 -292 64 ) (128 -292 64 ) (128 -292 169 ) 
7 121 132 (0 -292 342 ) (0 -292 169 ) (128 -292 169 ) (128 -292 291 ) (113 -292 301 ) (61 -292 325 ) (3 -292 342 ) 
4 121 130 (0 -292 576 ) (0 -292 356 ) (128 -292 356 ) (128 -292 576 ) 
4 121 124 (128 -292 64 ) (0 -292 64 ) (0 0 64 ) (128 0 64 ) 
4 122 137 (576 0 48 ) (832 0 48 ) (832 -292 48 ) (576 -292 48 ) 
4 122 128 (576 -292 48 ) (577 -292 48 ) (577 -292 60 ) (576 -292 60 ) 
4 122 126 (577 -292 48 ) (832 -292 48 ) (832 -292 64 ) (577 -292 64 ) 
4 122 123 (576 0 48 ) (576 -292 48 ) (576 -292 57 ) (576 0 57 ) 
4 123 137 (212 0 48 ) (576 0 48 ) (576 -292 48 ) (212 -292 48 ) 
4 123 128 (212 -292 48 ) (576 -292 48 ) (576 -292 57 ) (212 -292 57 ) 
4 123 125 (212 0 48 ) (212 -292 48 ) (212 -292 57 ) (212 0 57 ) 
4 124 229 (0 0 64 ) (0 0 48 ) (0 -292 48 ) (0 -292 64 ) 
4 124 141 (0 -292 48 ) (0 0 48 ) (125.607681 0 48 ) (125.607674 -292 48 ) 
4 124 135 (0 -292 48 ) (125.607681 -292 48 ) (128 -292 64 ) (0 -292 64 ) 
4 125 137 (209.153870 0 48 ) (212 0 48 ) (212 -292 48 ) (209.153854 -292 48 ) 
3 125 136 (209.153870 -292 48 ) (212 -292 48 ) (212 -292 64 ) 
4 126 151 (577 -1024 64 ) (577 -1024 48 ) (832 -1024 48 ) (832 -1024 64 ) 
4 126 147 (832 -1024 576 ) (577 -1024 576 ) (577 -1024 64 ) (832 -1024 64 ) 
4 126 137 (832 -1024 48 ) (577 -1024 48 ) (577 -292 48 ) (832 -292 48 ) 
4 126 127 (577 -293 576 ) (577 -292 576 ) (577 -292 356 ) (577 -293 356 ) 
4 126 128 (577 -292 60 ) (577 -292 48 ) (577 -293 48 ) (577 -293 60 ) 
4 126 129 (577 -1024 576 ) (577 -293 576 ) (577 -293 48 ) (577 -1024 48 ) 
4 127 130 (212 -292 576 ) (212 -292 356 ) (212 -293 356 ) (212 -293 576 ) 
4 127 129 (577 -293 356 ) (577 -293 576 ) (212 -293 576 ) (212 -293 356 ) 
4 128 137 (212 -293 48 ) (212 -292 48 ) (577 -292 48 ) (577 -293 48 ) 
4 128 136 (212 -292 60 ) (212 -292 48 ) (212 -293 48 ) (212 -293 60 ) 
4 128 129 (577 -293 48 ) (577 -293 60 ) (212 -293 60 ) (212 -293 48 ) 
4 129 151 (212 -1024 64 ) (212 -1024 48 ) (577 -1024 48 ) (577 -1024 64 ) 
4 129 147 (577 -1024 576 ) (212 -1024 576 ) (212 -1024 64 ) (577 -1024 64 ) 
4 129 137 (577 -1024 48 ) (212 -1024 48 ) (212 -293 48 ) (577 -293 48 ) 
4 129 136 (212 -293 48 ) (212 -1024 48 ) (212 -1024 64 ) (212 -293 64 ) 
4 129 133 (212 -1024 169 ) (212 -1024 342 ) (212 -293 342 ) (212 -293 169 ) 
4 129 131 (212 -1024 342 ) (212 -1024 356 ) (212 -293 356 ) (212 -293 342 ) 
4 129 130 (212 -1024 356 ) (212 -1024 576 ) (212 -293 576 ) (212 -293 356 ) 
4 130 235 (0 -1024 356 ) (0 -1024 576 ) (0 -293 576 ) (0 -293 356 ) 
4 130 231 (0 -293 576 ) (0 -292 576 ) (0 -292 356 ) (0 -293 356 ) 
4 130 148 (128 -1024 356 ) (212 -1024 356 ) (212 -1024 576 ) (128 -1024 576 ) 
4 130 149 (0 -1024 576 ) (0 -1024 356 ) (128 -1024 356 ) (128 -1024 576 ) 
4 130 131 (0 -1024 356 ) (0 -293 356 ) (212 -293 356 ) (212 -1024 356 ) 
4 131 235 (0 -1024 342 ) (0 -1024 356 ) (0 -293 356 ) (0 -293 342 ) 
4 131 148 (128 -1024 342 ) (212 -1024 342 ) (212 -1024 356 ) (128 -1024 356 ) 
4 131 149 (0 -1024 356 ) (0 -1024 342 ) (128 -1024 342 ) (128 -1024 356 ) 
4 131 133 (212 -293 342 ) (212 -1024 342 ) (0 -1024 342 ) (0 -293 342 ) 
4 132 232 (0 -293 342 ) (0 -292 342 ) (0 -292 169 ) (0 -293 169 ) 
4 132 134 (0 -293 169 ) (0 -292 169 ) (128 -292 169 ) (128 -293 169 ) 
9 132 133 (0 -293 169 ) (212 -293 169 ) (206 -293 205 ) (187 -293 240 ) (155 -293 273 ) (113 -293 301 ) (61 -293 325 ) (3 -293 342 ) (0 -293 342 ) 
4 133 235 (0 -1024 169 ) (0 -1024 342 ) (0 -293 342 ) (0 -293 169 ) 
4 133 148 (128 -1024 169 ) (212 -1024 169 ) (212 -1024 342 ) (128 -1024 342 ) 
4 133 149 (0 -1024 342 ) (0 -1024 169 ) (128 -1024 169 ) (128 -1024 342 ) 
4 133 134 (0 -1024 169 ) (0 -293 169 ) (128 -293 169 ) (128 -1024 169 ) 
4 134 236 (0 -1024 64 ) (0 -1024 169 ) (0 -293 169 ) (0 -293 64 ) 
4 134 232 (0 -293 169 ) (0 -292 169 ) (0 -292 64 ) (0 -293 64 ) 
4 134 149 (0 -1024 169 ) (0 -1024 64 ) (128 -1024 64 ) (128 -1024 169 ) 
4 134 135 (0 -292 64 ) (128 -292 64 ) (128 -1024 64 ) (0 -1024 64 ) 
4 135 237 (0 -1024 48 ) (0 -1024 64 ) (0 -293 64 ) (0 -293 48 ) 
4 135 232 (0 -293 64 ) (0 -292 64 ) (0 -292 48 ) (0 -293 48 ) 
4 135 150 (0 -1024 64 ) (0 -1024 48 ) (125.607681 -1024 48 ) (128 -1024 64 ) 
4 135 141 (125.607674 -1024 48 ) (0 -1024 48 ) (0 -292 48 ) (125.607681 -292 48 ) 
3 136 151 (209.153870 -1024 48 ) (212 -1024 48 ) (212 -1024 64 ) 
4 136 137 (212 -1024 48 ) (209.153854 -1024 48 ) (209.153870 -292 48 ) (212 -292 48 ) 
3 137 156 (216.377106 -1024 48 ) (209.153809 -1024 48 ) (205.358932 -1024 26.666471 ) 
4 137 155 (241.591019 -1024 48 ) (216.377106 -1024 48 ) (205.358932 -1024 26.666471 ) (201.740784 -1024 6.326527 ) 
4 137 154 (287.764648 -1024 48 ) (241.591019 -1024 48 ) (201.740784 -1024 6.326527 ) (198.293900 -1024 -13.050606 ) 
5 137 153 (832 -1024 48 ) (287.764648 -1024 48 ) (198.293900 -1024 -13.050606 ) (155.077179 -1024 -256 ) (832 -1024 -256 ) 
4 137 138 (155.076691 0 -256 ) (155.076691 -1024 -256 ) (205.358215 -1024 26.665070 ) (205.358215 0 26.665079 ) 
3 138 155 (201.740784 -1024 6.326538 ) (205.358917 -1024 26.666443 ) (186.766022 -1024 -9.333340 ) 
4 138 154 (198.293900 -1024 -13.050598 ) (201.740784 -1024 6.326538 ) (186.766022 -1024 -9.333340 ) (177.527847 -1024 -27.220390 ) 
5 138 153 (126 -1024 -126.989182 ) (126 -1024 -256 ) (155.077179 -1024 -256 ) (198.293900 -1024 -13.050598 ) (177.527847 -1024 -27.220390 ) 
4 138 145 (126 0 -256 ) (126 -1024 -256 ) (126 -1024 -126.989182 ) (126 0 -126.989182 ) 
4 138 140 (177.527252 -1024 -27.220787 ) (186.765167 -1024 -9.334248 ) (186.765167 0 -9.334240 ) (177.527252 0 -27.220791 ) 
4 138 139 (126 0 -126.988358 ) (126 -1024 -126.988358 ) (177.527252 -1024 -27.220787 ) (177.527252 0 -27.220791 ) 
3 139 153 (126 -1024 -62.380569 ) (126 -1024 -126.989182 ) (177.527847 -1024 -27.220383 ) 
4 139 145 (126 -1024 -126.989182 ) (126 -1024 -108 ) (126 0 -108 ) (126 0 -126.989182 ) 
4 139 142 (126 -1024 -108 ) (126 -1024 -62.380562 ) (126 0 -62.380569 ) (126 0 -108 ) 
4 139 140 (154.891800 -1024 -42.665878 ) (177.529327 -1024 -27.218750 ) (177.529297 0 -27.218750 ) (154.891907 0 -42.665783 ) 
3 140 154 (154.891052 -1024 -42.666672 ) (177.527847 -1024 -27.220383 ) (186.766006 -1024 -9.333366 ) 
4 141 269 (0 -1024 -83.376808 ) (0 -1024 48 ) (0 0 48 ) (0 0 -83.376801 ) 
8 141 157 (125.607689 -1024 48 ) (0 -1024 48 ) (0 -1024 -83.376801 ) (14.109386 -1024 -78.333305 ) (52.625042 -1024 -57 ) (84.499954 -1024 -31 ) (108.406006 -1024 -1.333332 ) (123.015999 -1024 30.666594 ) 
3 142 158 (59.143906 -1024 -108 ) (126 -1024 -108 ) (126 -1024 -62.380547 ) 
4 142 145 (59.143906 0 -108 ) (126 0 -108 ) (126 -1024 -108 ) (59.143906 -1024 -108 ) 
4 142 143 (59.144531 0 -108 ) (59.144531 -1024 -108 ) (112.392578 -1024 -71.665970 ) (112.392586 0 -71.665970 ) 
3 143 159 (33.975868 -1024 -108 ) (59.143906 -1024 -108 ) (112.390930 -1024 -71.666733 ) 
4 143 145 (33.975868 0 -108 ) (59.143906 0 -108 ) (59.143906 -1024 -108 ) (33.975868 -1024 -108 ) 
4 143 144 (33.979198 0 -108 ) (33.979218 -1024 -108 ) (60.602322 -1024 -95.664124 ) (60.602272 0 -95.664139 ) 
3 144 160 (19.797041 -1024 -108 ) (33.975868 -1024 -108 ) (60.593796 -1024 -95.666702 ) 
4 144 146 (19.797041 0 -108 ) (33.063362 0 -108 ) (33.063366 -1024 -108 ) (19.797039 -1024 -108 ) 
4 144 145 (33.063362 0 -108 ) (33.975868 0 -108 ) (33.975868 -1024 -108 ) (33.063366 -1024 -108 ) 
4 145 279 (0 -1024 -120.931755 ) (0 -1024 -113.705063 ) (0 0 -113.705055 ) (0 0 -120.931755 ) 
4 145 278 (0 -1024 -135.068283 ) (0 -1024 -120.931755 ) (0 0 -120.931755 ) (0 0 -135.068268 ) 
4 145 277 (0 -1024 -256 ) (0 -1024 -135.068283 ) (0 0 -135.068268 ) (0 0 -256 ) 
5 145 161 (0 -1024 -113.705055 ) (0 -1024 -256 ) (126 -1024 -256 ) (126 -1024 -108 ) (33.063377 -1024 -108 ) 
4 145 146 (2.156460 -1024 -113.332939 ) (33.062500 -1024 -108 ) (33.062500 0 -108 ) (2.156460 0 -113.332939 ) 
3 146 162 (2.156270 -1024 -113.332993 ) (33.063377 -1024 -108 ) (19.797039 -1024 -108 ) 
4 147 152 (832 -1444 64 ) (832 -1444 576 ) (212 -1444 576 ) (212 -1444 64 ) 
4 147 151 (832 -1444 64 ) (212 -1444 64 ) (212 -1024 64 ) (832 -1024 64 ) 
4 147 148 (212 -1444 169 ) (212 -1444 576 ) (212 -1024 576 ) (212 -1024 169 ) 
4 148 152 (212 -1444 576 ) (128 -1444 576 ) (128 -1444 169 ) (212 -1444 169 ) 
4 148 149 (128 -1444 169 ) (128 -1444 576 ) (128 -1024 576 ) (128 -1024 169 ) 
4 149 312 (0 -1444 576 ) (0 -1024 576 ) (0 -1024 64 ) (0 -1444 64 ) 
4 149 152 (128 -1444 576 ) (0 -1444 576 ) (0 -1444 64 ) (128 -1444 64 ) 
4 149 150 (128 -1444 64 ) (0 -1444 64 ) (0 -1024 64 ) (128 -1024 64 ) 
4 150 315 (0 -1024 64 ) (0 -1024 48 ) (0 -1444 48 ) (0 -1444 64 ) 
4 150 157 (0 -1444 48 ) (0 -1024 48 ) (125.607666 -1024 48 ) (125.607666 -1444 48 ) 
4 150 152 (0 -1444 48 ) (125.607666 -1444 48 ) (128 -1444 64 ) (0 -1444 64 ) 
4 151 156 (209.153870 -1024 48 ) (216.377106 -1024 48 ) (216.377106 -1444 48 ) (209.153870 -1444 48 ) 
4 151 155 (216.377106 -1024 48 ) (241.591019 -1024 48 ) (241.591019 -1444 48 ) (216.377106 -1444 48 ) 
4 151 154 (241.591019 -1024 48 ) (287.764618 -1024 48 ) (287.764648 -1444 48 ) (241.591019 -1444 48 ) 
4 151 153 (287.764618 -1024 48 ) (832 -1024 48 ) (832 -1444 48 ) (287.764648 -1444 48 ) 
4 151 152 (209.153870 -1444 48 ) (832 -1444 48 ) (832 -1444 64 ) (212 -1444 64 ) 
4 152 317 (0 -1792 576 ) (0 -1444 576 ) (0 -1444 48 ) (0 -1792 48 ) 
4 152 163 (0 -1792 48 ) (0 -1444 48 ) (832 -1444 48 ) (832 -1792 48 ) 
5 153 163 (832 -1444 48 ) (287.764648 -1444 48 ) (126 -1444 -62.380569 ) (126 -1444 -256 ) (832 -1444 -256 ) 
4 153 161 (126 -1024 -256 ) (126 -1444 -256 ) (126 -1444 -108 ) (126 -1024 -108 ) 
4 153 158 (126 -1444 -108 ) (126 -1444 -62.380569 ) (126 -1024 -62.380569 ) (126 -1024 -108 ) 
4 153 154 (154.895660 -1444 -42.661842 ) (287.762024 -1444 48 ) (287.762024 -1024 48 ) (154.895660 -1024 -42.661842 ) 
3 154 163 (287.764648 -1444 48 ) (241.591019 -1444 48 ) (154.891052 -1444 -42.666679 ) 
4 154 155 (186.769836 -1444 -9.325928 ) (241.587708 -1444 48 ) (241.587708 -1024 48 ) (186.769836 -1024 -9.325932 ) 
3 155 163 (241.591019 -1444 48 ) (216.377106 -1444 48 ) (186.765961 -1444 -9.333416 ) 
4 155 156 (205.358582 -1444 26.664310 ) (216.377869 -1444 48 ) (216.377869 -1024 48 ) (205.358582 -1024 26.664307 ) 
3 156 163 (216.377106 -1444 48 ) (209.153870 -1444 48 ) (205.359009 -1444 26.666630 ) 
4 157 318 (0 -1444 -83.376808 ) (0 -1444 48 ) (0 -1024 48 ) (0 -1024 -83.376801 ) 
8 157 163 (125.607689 -1444 48 ) (0 -1444 48 ) (0 -1444 -83.376801 ) (14.109387 -1444 -78.333305 ) (52.625038 -1444 -57 ) (84.499969 -1444 -31 ) (108.405998 -1444 -1.333349 ) (123.015999 -1444 30.666597 ) 
3 158 163 (59.143906 -1444 -108 ) (126 -1444 -108 ) (126 -1444 -62.380547 ) 
4 158 161 (126 -1024 -108 ) (126 -1444 -108 ) (59.143906 -1444 -108 ) (59.143906 -1024 -108 ) 
4 158 159 (59.144531 -1024 -108 ) (59.144531 -1444 -108 ) (112.392616 -1444 -71.665955 ) (112.392616 -1024 -71.665947 ) 
3 159 163 (33.975868 -1444 -108 ) (59.143906 -1444 -108 ) (112.390930 -1444 -71.666733 ) 
4 159 161 (59.143906 -1444 -108 ) (33.975868 -1444 -108 ) (33.975868 -1024 -108 ) (59.143906 -1024 -108 ) 
4 159 160 (33.979218 -1024 -108 ) (33.979225 -1444 -108 ) (60.602322 -1444 -95.664124 ) (60.602322 -1024 -95.664124 ) 
3 160 163 (19.797041 -1444 -108 ) (33.975868 -1444 -108 ) (60.593796 -1444 -95.666702 ) 
4 160 162 (33.063366 -1444 -108 ) (19.797039 -1444 -108 ) (19.797041 -1024 -108 ) (33.063362 -1024 -108 ) 
4 160 161 (33.975868 -1444 -108 ) (33.063366 -1444 -108 ) (33.063362 -1024 -108 ) (33.975868 -1024 -108 ) 
4 161 330 (0 -1444 -120.931755 ) (0 -1444 -113.705063 ) (0 -1024 -113.705055 ) (0 -1024 -120.931755 ) 
4 161 329 (0 -1444 -135.068268 ) (0 -1444 -120.931755 ) (0 -1024 -120.931755 ) (0 -1024 -135.068268 ) 
4 161 328 (0 -1444 -157.877563 ) (0 -1444 -135.068268 ) (0 -1024 -135.068268 ) (0 -1024 -157.877563 ) 
4 161 326 (0 -1444 -256 ) (0 -1444 -157.877563 ) (0 -1024 -157.877563 ) (0 -1024 -256 ) 
5 161 163 (0 -1444 -113.705055 ) (0 -1444 -256 ) (126 -1444 -256 ) (126 -1444 -108 ) (33.063377 -1444 -108 ) 
4 161 162 (2.156460 -1444 -113.332939 ) (33.062500 -1444 -108 ) (33.062500 -1024 -108 ) (2.156460 -1024 -113.332939 ) 
3 162 163 (2.156270 -1444 -113.332993 ) (33.063377 -1444 -108 ) (19.797039 -1444 -108 ) 
4 163 331 (0 -1792 48 ) (0 -1444 48 ) (0 -1444 -256 ) (0 -1792 -256 ) 
4 164 191 (-468 897 169 ) (-468 897 193 ) (-468 1024 193 ) (-468 1024 169 ) 
4 164 184 (-468 897 193 ) (-468 897 356 ) (-468 1024 356 ) (-468 1024 193 ) 
4 164 183 (-468 897 356 ) (-468 897 576 ) (-468 1024 576 ) (-468 1024 356 ) 
12 164 169 (-468 897 169 ) (0 897 169 ) (0 897 342.515625 ) (-61 897 353 ) (-128 897 356 ) (-195 897 353 ) (-259 897 342 ) (-317 897 325 ) (-369 897 301 ) (-411 897 273 ) (-443 897 240 ) (-462 897 205 ) 
4 164 168 (-468 897 576 ) (-468 897 356 ) (0 897 356 ) (0 897 576 ) 
4 164 165 (0 897 169 ) (-384 897 169 ) (-384 1024 169 ) (0 1024 169 ) 
4 165 170 (-384 897 64 ) (0 897 64 ) (0 897 169 ) (-384 897 169 ) 
4 165 166 (0 897 64 ) (-384 897 64 ) (-384 1024 64 ) (0 1024 64 ) 
4 166 208 (-381.607666 1024 48 ) (0 1024 48 ) (0 897 48 ) (-381.607666 897 48 ) 
4 166 171 (-381.607666 897 48 ) (0 897 48 ) (0 897 64 ) (-384 897 64 ) 
4 167 212 (-468 1024 48 ) (-465.153870 1024 48 ) (-465.153870 897 48 ) (-468 897 48 ) 
4 167 191 (-468 1024 48 ) (-468 897 48 ) (-468 897 64 ) (-468 1024 64 ) 
3 167 172 (-468 897 64 ) (-468 897 48 ) (-465.153870 897 48 ) 
4 168 183 (-468 896 356 ) (-468 896 576 ) (-468 897 576 ) (-468 897 356 ) 
4 168 174 (-468 896 576 ) (-468 896 356 ) (-384 896 356 ) (-384 896 576 ) 
4 168 173 (-384 896 356 ) (0 896 356 ) (0 896 576 ) (-384 896 576 ) 
5 169 180 (-468 896 169 ) (-445.538513 896 169 ) (-401 896 187.093750 ) (-401 896 205 ) (-462 896 205 ) 
4 169 177 (-384 896 205 ) (-384 896 223 ) (-401 896 223 ) (-401 896 205 ) 
4 169 179 (-401 896 223 ) (-452.228607 896 223 ) (-462 896 205 ) (-401 896 205 ) 
4 169 176 (-401 896 232 ) (-447.342896 896 232 ) (-452.228607 896 223 ) (-401 896 223 ) 
5 169 174 (-384 896 232 ) (-384 896 291 ) (-411 896 273 ) (-443 896 240 ) (-447.342896 896 232 ) 
10 169 173 (-384 896 169 ) (0 896 169 ) (0 896 342.515625 ) (-61 896 353 ) (-128 896 356 ) (-195 896 353 ) (-259 896 342 ) (-317 896 325 ) (-369 896 301 ) (-384 896 291 ) 
4 169 170 (0 896 169 ) (-384 896 169 ) (-384 897 169 ) (0 897 169 ) 
4 170 173 (-384 896 64 ) (0 896 64 ) (0 896 169 ) (-384 896 169 ) 
4 170 171 (0 896 64 ) (-384 896 64 ) (-384 897 64 ) (0 897 64 ) 
4 171 208 (0 897 48 ) (0 896 48 ) (-381.607666 896 48 ) (-381.607666 897 48 ) 
4 171 173 (-381.607666 896 48 ) (0 896 48 ) (0 896 64 ) (-384 896 64 ) 
4 172 212 (-465.153870 896 48 ) (-468 896 48 ) (-468 897 48 ) (-465.153870 897 48 ) 
4 172 192 (-468 897 48 ) (-468 896 48 ) (-468 896 64 ) (-468 897 64 ) 
3 172 182 (-468 896 64 ) (-468 896 48 ) (-465.153870 896 48 ) 
4 173 229 (0 0 48 ) (0 0 64 ) (-384 0 64 ) (-381.607666 0 48 ) 
4 173 228 (0 0 64 ) (0 0 576 ) (-384 0 576 ) (-384 0 64 ) 
4 173 208 (0 896 48 ) (0 0 48 ) (-381.607666 0 48 ) (-381.607666 896 48 ) 
4 173 181 (-384 608 64 ) (-384 0 64 ) (-384 0 205 ) (-384 608 205 ) 
4 173 178 (-384 608 205 ) (-384 0 205 ) (-384 0 223 ) (-384 608 223 ) 
4 173 177 (-384 896 223 ) (-384 896 205 ) (-384 608 205 ) (-384 608 223 ) 
4 173 175 (-384 608 223 ) (-384 0 223 ) (-384 0 232 ) (-384 608 232 ) 
4 173 174 (-384 896 576 ) (-384 896 232 ) (-384 0 232 ) (-384 0 576 ) 
4 174 228 (-468 0 576 ) (-468 0 232 ) (-384 0 232 ) (-384 0 576 ) 
4 174 187 (-468 0 232 ) (-468 0 356 ) (-468 896 356 ) (-468 896 232 ) 
4 174 183 (-468 0 356 ) (-468 0 576 ) (-468 896 576 ) (-468 896 356 ) 
4 174 175 (-384 608 232 ) (-384 0 232 ) (-401 0 232 ) (-401 608 232 ) 
4 174 176 (-468 0 232 ) (-468 896 232 ) (-401 896 232 ) (-401 0 232 ) 
4 175 228 (-401 0 223 ) (-384 0 223 ) (-384 0 232 ) (-401 0 232 ) 
4 175 178 (-384 608 223 ) (-384 0 223 ) (-401 0 223 ) (-401 608 223 ) 
4 175 176 (-401 608 223 ) (-401 0 223 ) (-401 0 232 ) (-401 608 232 ) 
4 176 228 (-468 0 232 ) (-468 0 223 ) (-401 0 223 ) (-401 0 232 ) 
4 176 187 (-468 0 223 ) (-468 0 232 ) (-468 896 232 ) (-468 896 223 ) 
4 176 179 (-468 0 223 ) (-468 896 223 ) (-401 896 223 ) (-401 0 223 ) 
4 177 179 (-401 896 205 ) (-401 608 205 ) (-401 608 223 ) (-401 896 223 ) 
4 177 178 (-401 608 223 ) (-401 608 205 ) (-384 608 205 ) (-384 608 223 ) 
4 178 228 (-401 0 205 ) (-384 0 205 ) (-384 0 223 ) (-401 0 223 ) 
4 178 181 (-384 608 205 ) (-384 0 205 ) (-401 0 205 ) (-401 608 205 ) 
4 178 179 (-401 608 205 ) (-401 0 205 ) (-401 0 223 ) (-401 608 223 ) 
4 179 228 (-468 0 223 ) (-468 0 205 ) (-401 0 205 ) (-401 0 223 ) 
4 179 187 (-468 0 205 ) (-468 0 223 ) (-468 896 223 ) (-468 896 205 ) 
4 179 180 (-468 608 205 ) (-468 896 205 ) (-401 896 205 ) (-401 608 205 ) 
4 179 181 (-468 0 205 ) (-468 608 205 ) (-401 608 205 ) (-401 0 205 ) 
4 180 201 (-468 896 193 ) (-468 896 159.875000 ) (-468 608 159.875000 ) (-468 608 193 ) 
4 180 187 (-468 608 205 ) (-468 896 205 ) (-468 896 193 ) (-468 608 193 ) 
4 180 181 (-401 608 187.093750 ) (-401 608 205 ) (-468 608 205 ) (-468 608 159.875000 ) 
4 181 228 (-468 0 205 ) (-468 0 64 ) (-384 0 64 ) (-384 0 205 ) 
4 181 202 (-468 0 64 ) (-468 0 193 ) (-468 608 193 ) (-468 608 64 ) 
4 181 187 (-468 0 193 ) (-468 0 205 ) (-468 608 205 ) (-468 608 193 ) 
3 182 230 (-468 0 64 ) (-468 0 48 ) (-465.153870 0 48 ) 
4 182 212 (-465.153870 0 48 ) (-468 0 48 ) (-468 896 48 ) (-465.153870 896 48 ) 
4 182 203 (-468 896 48 ) (-468 0 48 ) (-468 0 58 ) (-468 896 58 ) 
4 183 299 (-1024 1024 576 ) (-1024 1024 356 ) (-1024 0 356 ) (-1024 0 576 ) 
4 183 239 (-1024 0 576 ) (-1024 0 356 ) (-468 0 356 ) (-468 0 576 ) 
4 183 190 (-1024 1024 356 ) (-971 1024 356 ) (-971 0 356 ) (-1024 0 356 ) 
4 183 189 (-971 1024 356 ) (-833 1024 356 ) (-833 0 356 ) (-971 0 356 ) 
4 183 188 (-833 1024 356 ) (-832 1024 356 ) (-832 897 356 ) (-833 897 356 ) 
4 183 187 (-468 896 356 ) (-468 0 356 ) (-832 0 356 ) (-832 896 356 ) 
4 183 185 (-824 1024 356 ) (-703 1024 356 ) (-703 897 356 ) (-824 897 356 ) 
4 183 184 (-703 1024 356 ) (-468 1024 356 ) (-468 897 356 ) (-703 897 356 ) 
4 183 186 (-832 1024 356 ) (-824 1024 356 ) (-824 897 356 ) (-832 897 356 ) 
4 184 191 (-703 1024 193 ) (-468 1024 193 ) (-468 897 193 ) (-703 897 193 ) 
4 184 185 (-703 897 194 ) (-703 897 356 ) (-703 1024 356 ) (-703 1024 194 ) 
4 185 186 (-824 897 194 ) (-824 897 356 ) (-824 1024 356 ) (-824 1024 194 ) 
4 186 199 (-832 1024 193 ) (-825 1024 193 ) (-825 897 193 ) (-832 897 193 ) 
4 186 188 (-832 1024 193 ) (-832 897 193 ) (-832 897 356 ) (-832 1024 356 ) 
4 187 240 (-832 0 193 ) (-468 0 193 ) (-468 0 356 ) (-832 0 356 ) 
4 187 201 (-468 896 193 ) (-468 608 193 ) (-832 608 193 ) (-832 896 193 ) 
4 187 202 (-468 608 193 ) (-468 0 193 ) (-832 0 193 ) (-832 608 193 ) 
4 188 204 (-833 1024 193 ) (-832 1024 193 ) (-832 897 193 ) (-833 897 193 ) 
4 188 189 (-833 1024 193 ) (-833 897 193 ) (-833 897 356 ) (-833 1024 356 ) 
4 189 241 (-971 0 193 ) (-833 0 193 ) (-833 0 356 ) (-971 0 356 ) 
4 189 206 (-971 1024 193 ) (-833 1024 193 ) (-833 0 193 ) (-971 0 193 ) 
4 189 190 (-971 0 194 ) (-971 0 356 ) (-971 1024 356 ) (-971 1024 194 ) 
4 190 299 (-1024 1024 356 ) (-1024 1024 194 ) (-1024 0 194 ) (-1024 0 356 ) 
4 190 247 (-1024 0 356 ) (-1024 0 194 ) (-971 0 194 ) (-971 0 356 ) 
4 191 212 (-703 1024 48 ) (-468 1024 48 ) (-468 897 48 ) (-703 897 48 ) 
3 191 194 (-703 957.100037 48 ) (-703 897 48 ) (-703 897 60.787243 ) 
4 191 192 (-703 897 64 ) (-703 897 48 ) (-468 897 48 ) (-468 897 159 ) 
4 192 212 (-468 897 48 ) (-468 896 48 ) (-703 896 48 ) (-703 897 48 ) 
4 192 203 (-703 896 48 ) (-468 896 48 ) (-468 896 58 ) (-703 896 58 ) 
4 192 194 (-703 897 48 ) (-703 896 48 ) (-703 896 61 ) (-703 897 60.787247 ) 
4 193 201 (-703 896 64.406242 ) (-703 896 193 ) (-704 896 193 ) (-704 896 64 ) 
3 193 196 (-704 896 60.995777 ) (-704 896 193 ) (-704 897 193 ) 
4 194 216 (-703 957.100037 48 ) (-703 896 48 ) (-704 896 48 ) (-704 957.100037 48 ) 
4 194 203 (-704 896 48 ) (-703 896 48 ) (-703 896 58 ) (-704 896 58 ) 
4 194 195 (-704 957.100037 48 ) (-704 896 48 ) (-704 896 60.995777 ) (-704 896 61 ) 
4 195 222 (-704 957.100037 48 ) (-704 896 48 ) (-824 896 48 ) (-824 957.100037 48 ) 
4 195 203 (-824 896 48 ) (-704 896 48 ) (-704 896 58 ) (-824 896 58 ) 
3 195 198 (-824 957.100037 48 ) (-824 896 48 ) (-824 896 61 ) 
4 196 223 (-824 1024 48 ) (-704 1024 48 ) (-704 971.200073 48 ) (-824 971.200073 48 ) 
4 196 201 (-704 896 64 ) (-704 896 193 ) (-824 896 193 ) (-824 896 64 ) 
4 196 197 (-824 896.022705 63.995171 ) (-824 896 64 ) (-824 896 193 ) (-824 897 193 ) 
4 197 201 (-824 896 64 ) (-824 896 193 ) (-825 896 193 ) (-825 896 64 ) 
4 198 224 (-824 957.100037 48 ) (-824 896 48 ) (-825 896 48 ) (-825 957.100037 48 ) 
4 198 203 (-825 896 48 ) (-824 896 48 ) (-824 896 58 ) (-825 896 58 ) 
5 198 200 (-825 897 48 ) (-825 896 48 ) (-825 896 60.995777 ) (-825 896 61 ) (-825 897 60.787243 ) 
3 198 199 (-825 957.100037 48 ) (-825 897 48 ) (-825 897 60.787243 ) 
4 199 225 (-832 1024 48 ) (-825 1024 48 ) (-825 897 48 ) (-832 897 48 ) 
4 199 204 (-832 1024 48 ) (-832 897 48 ) (-832 897 193 ) (-832 1024 193 ) 
4 199 200 (-832 897 64 ) (-832 897 48 ) (-825 897 48 ) (-825 897 64 ) 
4 200 225 (-825 897 48 ) (-825 896 48 ) (-832 896 48 ) (-832 897 48 ) 
4 200 205 (-832 897 48 ) (-832 896 48 ) (-832 896 64 ) (-832 897 64 ) 
4 200 203 (-832 896 58 ) (-832 896 48 ) (-825 896 48 ) (-825 896 58 ) 
5 201 202 (-832 608 193 ) (-832 608 64 ) (-704 608 64 ) (-468 608 159.875000 ) (-468 608 193 ) 
4 202 249 (-468 0 64 ) (-468 0 193 ) (-832 0 193 ) (-832 0 64 ) 
4 203 250 (-832 0 48 ) (-468 0 48 ) (-468 0 58 ) (-832 0 58 ) 
4 203 224 (-824 0 48 ) (-825 0 48 ) (-825 896 48 ) (-824 896 48 ) 
4 203 225 (-825 0 48 ) (-832 0 48 ) (-832 896 48 ) (-825 896 48 ) 
4 203 222 (-704 0 48 ) (-824 0 48 ) (-824 896 48 ) (-704 896 48 ) 
4 203 216 (-703 0 48 ) (-704 0 48 ) (-704 896 48 ) (-703 896 48 ) 
4 203 212 (-468 896 48 ) (-468 0 48 ) (-703 0 48 ) (-703 896 48 ) 
4 203 205 (-832 896 48 ) (-832 0 48 ) (-832 0 58 ) (-832 896 58 ) 
4 204 225 (-833 1024 48 ) (-832 1024 48 ) (-832 897 48 ) (-833 897 48 ) 
4 204 205 (-833 897 64 ) (-833 897 48 ) (-832 897 48 ) (-832 897 64 ) 
4 204 206 (-833 1024 48 ) (-833 897 48 ) (-833 897 193 ) (-833 1024 193 ) 
4 205 251 (-833 0 48 ) (-832 0 48 ) (-832 0 64 ) (-833 0 64 ) 
4 205 225 (-832 897 48 ) (-832 0 48 ) (-833 0 48 ) (-833 897 48 ) 
4 205 206 (-833 897 48 ) (-833 0 48 ) (-833 0 64 ) (-833 897 64 ) 
4 206 252 (-971 0 48 ) (-833 0 48 ) (-833 0 193 ) (-971 0 193 ) 
4 206 225 (-971 1024 48 ) (-833 1024 48 ) (-833 0 48 ) (-971 0 48 ) 
4 207 301 (-1024 1024 193 ) (-1024 1024 48 ) (-1024 0 48 ) (-1024 0 193 ) 
4 207 253 (-1024 0 193 ) (-1024 0 48 ) (-972 0 48 ) (-972 0 193 ) 
4 207 226 (-1024 0 48 ) (-1024 1024 48 ) (-972 1024 48 ) (-972 0 48 ) 
13 208 269 (0 0 -83.376808 ) (0 0 48 ) (-381.607697 0 48 ) (-379.016022 0 30.666603 ) (-364.406067 0 -1.333276 ) (-340.499908 0 -31 ) (-308.625122 0 -57 ) (-270.109039 0 -78.333275 ) (-226.280884 0 -94 ) (-178.469025 0 -103.667000 ) (-128 0 -107 ) (-77.531281 0 -103.667000 ) (-29.718781 0 -94 ) 
3 209 271 (-382 0 -62.380562 ) (-382 0 -65.361000 ) (-368.391022 0 -71.666687 ) 
4 209 270 (-382 0 -65.361000 ) (-382 0 -108 ) (-315.143921 0 -108 ) (-368.391022 0 -71.666687 ) 
4 209 220 (-382 1024 -108 ) (-315.143921 1024 -108 ) (-315.143921 0 -108 ) (-382 0 -108 ) 
4 209 214 (-382 1024 -108 ) (-382 0 -108 ) (-382 0 -62.380558 ) (-382 1024 -62.380562 ) 
4 209 210 (-368.381561 0 -71.671066 ) (-315.140961 0 -108 ) (-315.140961 1024 -108 ) (-368.381561 1024 -71.671066 ) 
3 210 270 (-368.391022 0 -71.666695 ) (-315.143921 0 -108 ) (-289.976196 0 -108 ) 
4 210 220 (-315.143921 1024 -108 ) (-289.976196 1024 -108 ) (-289.976196 0 -108 ) (-315.143921 0 -108 ) 
4 210 211 (-316.596649 0 -95.665901 ) (-289.977051 0 -108 ) (-289.977020 1024 -108 ) (-316.596558 1024 -95.665932 ) 
3 211 272 (-316.593994 0 -95.666710 ) (-289.976196 0 -108 ) (-275.796967 0 -108 ) 
4 211 220 (-289.976196 1024 -108 ) (-275.796967 1024 -108 ) (-275.796967 0 -108 ) (-289.976196 0 -108 ) 
4 212 289 (-703 0 21 ) (-703 0 -108 ) (-664 0 -108 ) (-664 0 21 ) 
4 212 287 (-703 0 24 ) (-703 0 21 ) (-664 0 21 ) (-664 0 24 ) 
4 212 286 (-664 0 48 ) (-703 0 48 ) (-703 0 24 ) (-664 0 24 ) 
4 212 284 (-664 0 21 ) (-664 0 -108 ) (-663 0 -108 ) (-663 0 21 ) 
4 212 282 (-663 0 48 ) (-664 0 48 ) (-664 0 21 ) (-663 0 21 ) 
3 212 275 (-465.153870 0 48 ) (-497.590973 0 48 ) (-457.740875 0 6.326668 ) 
5 212 273 (-497.590973 0 48 ) (-663 0 48 ) (-663 0 -108 ) (-437.404053 0 -108 ) (-457.740875 0 6.326668 ) 
4 212 220 (-490.181580 1024 -108 ) (-437.404053 1024 -108 ) (-437.404053 0 -108 ) (-490.181580 0 -108 ) 
4 212 217 (-703 1024 -108 ) (-490.181580 1024 -108 ) (-490.181580 0 -108 ) (-703 0 -108 ) 
5 212 216 (-703 1024 -108 ) (-703 0 -108 ) (-703 0 48 ) (-703 957.100037 48 ) (-703 1024 33.765965 ) 
4 212 213 (-437.404388 0 -108 ) (-437.404388 1024 -108 ) (-461.359497 1024 26.667542 ) (-461.359497 0 26.667542 ) 
3 213 276 (-461.359009 0 26.666615 ) (-457.740875 0 6.326649 ) (-442.765961 0 -9.333382 ) 
4 213 273 (-457.740875 0 6.326649 ) (-437.404053 0 -108 ) (-391.807281 0 -108 ) (-442.765961 0 -9.333382 ) 
4 213 220 (-437.404053 1024 -108 ) (-391.807281 1024 -108 ) (-391.807281 0 -108 ) (-437.404053 0 -108 ) 
4 213 215 (-433.527283 1024 -27.220749 ) (-442.765259 1024 -9.334110 ) (-442.765259 0 -9.334114 ) (-433.527283 0 -27.220753 ) 
4 213 214 (-391.806946 0 -108 ) (-391.806946 1024 -108 ) (-433.527283 1024 -27.220749 ) (-433.527283 0 -27.220753 ) 
3 214 274 (-382 0 -72.879471 ) (-382 0 -62.380554 ) (-410.890900 0 -42.666759 ) 
5 214 273 (-433.527802 0 -27.220413 ) (-391.807281 0 -108 ) (-382 0 -108 ) (-382 0 -72.879471 ) (-410.890900 0 -42.666759 ) 
4 214 220 (-391.807281 1024 -108 ) (-382 1024 -108 ) (-382 0 -108 ) (-391.807281 0 -108 ) 
4 214 215 (-433.525360 1024 -27.220734 ) (-433.525391 0 -27.220703 ) (-410.895142 0 -42.662312 ) (-410.895142 1024 -42.662331 ) 
3 215 273 (-442.765991 0 -9.333347 ) (-433.527802 0 -27.220413 ) (-410.890900 0 -42.666759 ) 
4 216 289 (-704 0 21 ) (-704 0 -108 ) (-703 0 -108 ) (-703 0 21 ) 
4 216 287 (-704 0 24 ) (-704 0 21 ) (-703 0 21 ) (-703 0 24 ) 
4 216 286 (-703 0 48 ) (-704 0 48 ) (-704 0 24 ) (-703 0 24 ) 
4 216 227 (-704 0 -108 ) (-704 0 -19 ) (-704 1024 -19 ) (-704 1024 -108 ) 
5 216 222 (-704 0 -19 ) (-704 0 48 ) (-704 957.100037 48 ) (-704 1024 33.765965 ) (-704 1024 -19 ) 
4 216 217 (-704 0 -108 ) (-704 1024 -108 ) (-703 1024 -108 ) (-703 0 -108 ) 
4 217 289 (-664 0 -108 ) (-704 0 -108 ) (-704 0 -256 ) (-664 0 -256 ) 
4 217 284 (-663 0 -108 ) (-664 0 -108 ) (-664 0 -256 ) (-663 0 -256 ) 
5 217 277 (0 0 -256 ) (0 0 -135.068268 ) (-490.181488 0 -108 ) (-663 0 -108 ) (-663 0 -256 ) 
4 217 227 (-704 0 -256 ) (-704 0 -108 ) (-704 1024 -108 ) (-704 1024 -256 ) 
4 217 221 (-227.883484 0 -122.484650 ) (-194.403381 0 -124.333450 ) (-194.403381 1024 -124.333443 ) (-227.883514 1024 -122.484642 ) 
4 217 220 (-490.187195 1024 -108 ) (-490.187256 0 -108 ) (-227.883484 0 -122.484650 ) (-227.883514 1024 -122.484642 ) 
4 217 218 (-128.002716 0 -128 ) (0 0 -135.068573 ) (0 1024 -135.068573 ) (-128.002686 1024 -128 ) 
3 218 278 (0 0 -135.068268 ) (0 0 -120.931755 ) (-128 0 -128 ) 
4 218 219 (-61.594460 0 -124.333130 ) (0 0 -120.931824 ) (0 1024 -120.931824 ) (-61.594471 1024 -124.333130 ) 
3 219 279 (0 0 -120.931755 ) (0 0 -113.705055 ) (-61.593742 0 -124.333008 ) 
3 220 281 (-275.796936 0 -108 ) (-289.063141 0 -108 ) (-258.156097 0 -113.332977 ) 
4 220 280 (-289.063141 0 -108 ) (-490.181488 0 -108 ) (-227.884735 0 -122.484268 ) (-258.156097 0 -113.332977 ) 
4 220 221 (-258.167084 0 -113.331085 ) (-227.889038 0 -122.484253 ) (-227.889008 1024 -122.484253 ) (-258.166992 1024 -113.331108 ) 
3 221 280 (-258.156097 0 -113.332977 ) (-227.884735 0 -122.484268 ) (-194.405945 0 -124.333000 ) 
4 222 290 (-784 0 48 ) (-785 0 48 ) (-785 0 -19 ) (-784 0 -19 ) 
4 222 291 (-785 0 48 ) (-824 0 48 ) (-824 0 -19 ) (-785 0 -19 ) 
4 222 289 (-704 0 -19 ) (-704 0 21 ) (-784 0 21 ) (-784 0 -19 ) 
4 222 287 (-704 0 21 ) (-704 0 24 ) (-784 0 24 ) (-784 0 21 ) 
4 222 286 (-704 0 24 ) (-704 0 48 ) (-784 0 48 ) (-784 0 24 ) 
4 222 227 (-824 1024 -19 ) (-704 1024 -19 ) (-704 0 -19 ) (-824 0 -19 ) 
5 222 224 (-824 1024 -19 ) (-824 0 -19 ) (-824 0 48 ) (-824 957.100037 48 ) (-824 1024 33.765965 ) 
4 224 291 (-824 0 48 ) (-825 0 48 ) (-825 0 -19 ) (-824 0 -19 ) 
4 224 227 (-825 1024 -19 ) (-824 1024 -19 ) (-824 0 -19 ) (-825 0 -19 ) 
5 224 225 (-825 1024 -19 ) (-825 0 -19 ) (-825 0 48 ) (-825 957.100037 48 ) (-825 1024 33.765965 ) 
4 225 291 (-825 0 48 ) (-971 0 48 ) (-971 0 -19 ) (-825 0 -19 ) 
4 225 227 (-971 1024 -19 ) (-825 1024 -19 ) (-825 0 -19 ) (-971 0 -19 ) 
4 226 301 (-1024 1024 48 ) (-1024 1024 -16 ) (-1024 0 -16 ) (-1024 0 48 ) 
4 226 296 (-972 0 48 ) (-1024 0 48 ) (-1024 0 -16 ) (-972 0 -16 ) 
4 227 303 (-1024 1024 -19 ) (-1024 1024 -256 ) (-1024 0 -256 ) (-1024 0 -19 ) 
4 227 298 (-972 0 -19 ) (-1024 0 -19 ) (-1024 0 -256 ) (-972 0 -256 ) 
4 227 292 (-784 0 -19 ) (-972 0 -19 ) (-972 0 -256 ) (-784 0 -256 ) 
4 227 289 (-704 0 -256 ) (-704 0 -19 ) (-784 0 -19 ) (-784 0 -256 ) 
4 228 249 (-468 -292 64 ) (-468 -292 193 ) (-468 0 193 ) (-468 0 64 ) 
4 228 240 (-468 -292 193 ) (-468 -292 356 ) (-468 0 356 ) (-468 0 193 ) 
4 228 239 (-468 -292 356 ) (-468 -292 576 ) (-468 0 576 ) (-468 0 356 ) 
6 228 233 (-468 -292 169 ) (-384 -292 169 ) (-384 -292 291.232544 ) (-412 -292 273 ) (-443 -292 240 ) (-462 -292 205 ) 
10 228 232 (-384 -292 64 ) (0 -292 64 ) (0 -292 342.515625 ) (-61 -292 353 ) (-128 -292 356 ) (-195 -292 353 ) (-259 -292 342 ) (-317 -292 325 ) (-369 -292 301 ) (-384 -292 291.232574 ) 
4 228 231 (-468 -292 576 ) (-468 -292 356 ) (0 -292 356 ) (0 -292 576 ) 
4 228 229 (0 -292 64 ) (-384 -292 64 ) (-384 0 64 ) (0 0 64 ) 
4 229 269 (-381.607666 0 48 ) (0 0 48 ) (0 -292 48 ) (-381.607666 -292 48 ) 
4 229 232 (-381.607666 -292 48 ) (0 -292 48 ) (0 -292 64 ) (-384 -292 64 ) 
4 230 275 (-468 0 48 ) (-465.153870 0 48 ) (-465.153870 -292 48 ) (-468 -292 48 ) 
4 230 250 (-468 0 48 ) (-468 -292 48 ) (-468 -292 58 ) (-468 0 58 ) 
3 230 234 (-468 -292 64 ) (-468 -292 48 ) (-465.153870 -292 48 ) 
4 231 239 (-468 -293 356 ) (-468 -293 576 ) (-468 -292 576 ) (-468 -292 356 ) 
4 231 235 (-468 -293 576 ) (-468 -293 356 ) (0 -293 356 ) (0 -293 576 ) 
4 232 269 (0 -292 48 ) (0 -293 48 ) (-381.607666 -293 48 ) (-381.607666 -292 48 ) 
4 232 237 (-381.607666 -293 48 ) (0 -293 48 ) (0 -293 64 ) (-384 -293 64 ) 
4 232 236 (0 -293 64 ) (0 -293 169 ) (-384 -293 169 ) (-384 -293 64 ) 
10 232 235 (0 -293 169 ) (0 -293 342.515656 ) (-61 -293 353 ) (-128 -293 356 ) (-195 -293 353 ) (-259 -293 342 ) (-317 -293 325 ) (-369 -293 301 ) (-384 -293 291.232574 ) (-384 -293 169 ) 
4 232 233 (-384 -293 169 ) (-384 -293 291.232574 ) (-384 -292 291.232574 ) (-384 -292 169 ) 
6 233 235 (-468 -293 169 ) (-384 -293 169 ) (-384 -293 291.232544 ) (-412 -293 273 ) (-443 -293 240 ) (-462 -293 205 ) 
4 234 275 (-465.153870 -293 48 ) (-468 -293 48 ) (-468 -292 48 ) (-465.153870 -292 48 ) 
4 234 254 (-468 -292 48 ) (-468 -293 48 ) (-468 -293 58 ) (-468 -292 58 ) 
3 234 238 (-468 -293 64 ) (-468 -293 48 ) (-465.153870 -293 48 ) 
4 235 313 (-384 -1024 576 ) (-468 -1024 576 ) (-468 -1024 169 ) (-384 -1024 169 ) 
4 235 312 (0 -1024 169 ) (0 -1024 576 ) (-384 -1024 576 ) (-384 -1024 169 ) 
4 235 255 (-468 -1024 169 ) (-468 -1024 193 ) (-468 -293 193 ) (-468 -293 169 ) 
4 235 243 (-468 -601 356 ) (-468 -293 356 ) (-468 -293 193 ) (-468 -601 193 ) 
4 235 248 (-468 -1024 193 ) (-468 -1024 356 ) (-468 -601 356 ) (-468 -601 193 ) 
4 235 239 (-468 -1024 356 ) (-468 -1024 576 ) (-468 -293 576 ) (-468 -293 356 ) 
4 235 236 (0 -1024 169 ) (-384 -1024 169 ) (-384 -293 169 ) (0 -293 169 ) 
4 236 312 (0 -1024 64 ) (0 -1024 169 ) (-384 -1024 169 ) (-384 -1024 64 ) 
4 236 237 (-384 -293 64 ) (0 -293 64 ) (0 -1024 64 ) (-384 -1024 64 ) 
4 237 315 (0 -1024 48 ) (0 -1024 64 ) (-384 -1024 64 ) (-381.607666 -1024 48 ) 
4 237 269 (0 -293 48 ) (0 -1024 48 ) (-381.607666 -1024 48 ) (-381.607666 -293 48 ) 
3 238 316 (-468 -1024 64 ) (-468 -1024 48 ) (-465.153870 -1024 48 ) 
4 238 275 (-465.153870 -1024 48 ) (-468 -1024 48 ) (-468 -293 48 ) (-465.153870 -293 48 ) 
4 238 255 (-468 -293 48 ) (-468 -1024 48 ) (-468 -1024 64 ) (-468 -293 64 ) 
4 239 314 (-1024 -1024 576 ) (-1024 -1024 356 ) (-468 -1024 356 ) (-468 -1024 576 ) 
4 239 304 (-1024 -601 576 ) (-1024 0 576 ) (-1024 0 356 ) (-1024 -601 356 ) 
4 239 305 (-1024 -1024 356 ) (-1024 -1024 576 ) (-1024 -601 576 ) (-1024 -601 356 ) 
4 239 247 (-971 -601 356 ) (-1024 -601 356 ) (-1024 0 356 ) (-971 0 356 ) 
4 239 246 (-785 -601 356 ) (-971 -601 356 ) (-971 -479 356 ) (-785 -479 356 ) 
4 239 245 (-971 -479 356 ) (-971 -293 356 ) (-785 -293 356 ) (-785 -479 356 ) 
4 239 244 (-663 -601 356 ) (-785 -601 356 ) (-785 -293 356 ) (-663 -293 356 ) 
4 239 243 (-468 -293 356 ) (-468 -601 356 ) (-663 -601 356 ) (-663 -293 356 ) 
4 239 242 (-833 -293 356 ) (-971 -293 356 ) (-971 -292 356 ) (-833 -292 356 ) 
4 239 240 (-468 0 356 ) (-468 -292 356 ) (-832 -292 356 ) (-832 0 356 ) 
4 239 241 (-833 -292 356 ) (-971 -292 356 ) (-971 0 356 ) (-833 0 356 ) 
4 239 248 (-468 -601 356 ) (-468 -1024 356 ) (-1024 -1024 356 ) (-1024 -601 356 ) 
4 240 249 (-832 0 193 ) (-468 0 193 ) (-468 -292 193 ) (-832 -292 193 ) 
4 241 252 (-971 0 193 ) (-833 0 193 ) (-833 -292 193 ) (-971 -292 193 ) 
4 241 247 (-971 -292 194 ) (-971 -292 356 ) (-971 0 356 ) (-971 0 194 ) 
4 241 242 (-971 -292 356 ) (-971 -292 193 ) (-833 -292 193 ) (-833 -292 356 ) 
4 242 264 (-833 -293 193 ) (-971 -293 193 ) (-971 -292 193 ) (-833 -292 193 ) 
4 242 247 (-971 -293 194 ) (-971 -293 356 ) (-971 -292 356 ) (-971 -292 194 ) 
4 242 245 (-971 -293 356 ) (-971 -293 193 ) (-833 -293 193 ) (-833 -293 356 ) 
4 243 255 (-468 -293 193 ) (-468 -601 193 ) (-663 -601 193 ) (-663 -293 193 ) 
4 243 244 (-663 -293 356 ) (-663 -293 194 ) (-663 -601 194 ) (-663 -601 356 ) 
4 243 248 (-663 -601 193 ) (-468 -601 193 ) (-468 -601 356 ) (-663 -601 356 ) 
4 244 246 (-785 -479 194 ) (-785 -601 194 ) (-785 -601 356 ) (-785 -479 356 ) 
4 244 245 (-785 -293 356 ) (-785 -293 194 ) (-785 -479 194 ) (-785 -479 356 ) 
4 244 248 (-663 -601 194 ) (-663 -601 356 ) (-785 -601 356 ) (-785 -601 194 ) 
4 245 263 (-832 -293 193 ) (-785 -293 193 ) (-785 -479 193 ) (-832 -479 193 ) 
4 245 264 (-971 -479 193 ) (-971 -293 193 ) (-832 -293 193 ) (-832 -479 193 ) 
4 245 247 (-971 -479 194 ) (-971 -479 356 ) (-971 -293 356 ) (-971 -293 194 ) 
4 245 246 (-971 -479 356 ) (-971 -479 194 ) (-785 -479 194 ) (-785 -479 356 ) 
4 246 247 (-971 -601 194 ) (-971 -601 356 ) (-971 -479 356 ) (-971 -479 194 ) 
4 246 248 (-785 -601 194 ) (-785 -601 356 ) (-971 -601 356 ) (-971 -601 194 ) 
4 247 304 (-1024 -601 356 ) (-1024 0 356 ) (-1024 0 194 ) (-1024 -601 194 ) 
4 247 248 (-971 -601 194 ) (-971 -601 356 ) (-1024 -601 356 ) (-1024 -601 194 ) 
4 248 314 (-1024 -1024 356 ) (-1024 -1024 193 ) (-468 -1024 193 ) (-468 -1024 356 ) 
4 248 305 (-1024 -1024 193 ) (-1024 -1024 356 ) (-1024 -601 356 ) (-1024 -601 193 ) 
4 248 268 (-1024 -1024 193 ) (-1024 -601 193 ) (-972 -601 193 ) (-972 -1024 193 ) 
4 248 266 (-972 -601 193 ) (-784 -601 193 ) (-784 -1024 193 ) (-972 -1024 193 ) 
4 248 260 (-784 -601 193 ) (-664 -601 193 ) (-664 -1024 193 ) (-784 -1024 193 ) 
4 248 257 (-664 -601 193 ) (-663 -601 193 ) (-663 -1024 193 ) (-664 -1024 193 ) 
4 248 255 (-663 -601 193 ) (-468 -601 193 ) (-468 -1024 193 ) (-663 -1024 193 ) 
4 249 259 (-664 -292 193 ) (-784 -292 193 ) (-784 -292 64 ) (-664 -292 64 ) 
4 250 290 (-785 0 48 ) (-784 0 48 ) (-784 -292 48 ) (-785 -292 48 ) 
4 250 291 (-832 0 48 ) (-785 0 48 ) (-785 -292 48 ) (-832 -292 48 ) 
4 250 286 (-784 0 48 ) (-664 0 48 ) (-664 -292 48 ) (-784 -292 48 ) 
4 250 282 (-664 0 48 ) (-663 0 48 ) (-663 -292 48 ) (-664 -292 48 ) 
4 250 275 (-497.591003 0 48 ) (-468 0 48 ) (-468 -292 48 ) (-497.591003 -292 48 ) 
4 250 273 (-663 0 48 ) (-497.591003 0 48 ) (-497.591003 -292 48 ) (-663 -292 48 ) 
4 250 262 (-832 -292 48 ) (-785 -292 48 ) (-785 -292 58 ) (-832 -292 58 ) 
4 250 261 (-785 -292 48 ) (-784 -292 48 ) (-784 -292 58 ) (-785 -292 58 ) 
4 250 258 (-784 -292 48 ) (-664 -292 48 ) (-664 -292 58 ) (-784 -292 58 ) 
4 250 256 (-664 -292 48 ) (-663 -292 48 ) (-663 -292 58 ) (-664 -292 58 ) 
4 250 254 (-663 -292 48 ) (-468 -292 48 ) (-468 -292 58 ) (-663 -292 58 ) 
4 250 251 (-832 0 48 ) (-832 -292 48 ) (-832 -292 58 ) (-832 0 58 ) 
4 251 291 (-833 0 48 ) (-832 0 48 ) (-832 -292 48 ) (-833 -292 48 ) 
4 251 264 (-833 -292 48 ) (-832 -292 48 ) (-832 -292 64 ) (-833 -292 64 ) 
4 251 252 (-833 0 48 ) (-833 -292 48 ) (-833 -292 64 ) (-833 0 64 ) 
4 252 291 (-971 0 48 ) (-833 0 48 ) (-833 -292 48 ) (-971 -292 48 ) 
4 252 264 (-971 -292 48 ) (-833 -292 48 ) (-833 -292 193 ) (-971 -292 193 ) 
4 253 307 (-1024 -292 193 ) (-1024 0 193 ) (-1024 0 48 ) (-1024 -292 48 ) 
4 253 296 (-1024 -292 48 ) (-1024 0 48 ) (-972 0 48 ) (-972 -292 48 ) 
4 253 267 (-1024 -292 48 ) (-972 -292 48 ) (-972 -292 193 ) (-1024 -292 193 ) 
4 254 275 (-497.591003 -292 48 ) (-468 -292 48 ) (-468 -293 48 ) (-497.591003 -293 48 ) 
4 254 273 (-663 -292 48 ) (-497.591003 -292 48 ) (-497.591003 -293 48 ) (-663 -293 48 ) 
4 254 256 (-663 -292 58 ) (-663 -292 48 ) (-663 -293 48 ) (-663 -293 58 ) 
4 254 255 (-663 -293 58 ) (-663 -293 48 ) (-468 -293 48 ) (-468 -293 58 ) 
4 255 316 (-663 -1024 48 ) (-468 -1024 48 ) (-468 -1024 64 ) (-663 -1024 64 ) 
4 255 314 (-468 -1024 64 ) (-468 -1024 193 ) (-663 -1024 193 ) (-663 -1024 64 ) 
4 255 275 (-468 -293 48 ) (-468 -1024 48 ) (-497.591003 -1024 48 ) (-497.591003 -293 48 ) 
4 255 273 (-497.591003 -1024 48 ) (-663 -1024 48 ) (-663 -293 48 ) (-497.591003 -293 48 ) 
3 255 256 (-663 -293 48 ) (-663 -353.099976 48 ) (-663 -293 60.787231 ) 
4 255 257 (-663 -601 48 ) (-663 -1024 48 ) (-663 -1024 193 ) (-663 -601 193 ) 
4 256 282 (-664 -292 48 ) (-663 -292 48 ) (-663 -353.100006 48 ) (-664 -353.100006 48 ) 
3 256 258 (-664 -292 61 ) (-664 -292 48 ) (-664 -353.100006 48 ) 
4 257 316 (-664 -1024 48 ) (-663 -1024 48 ) (-663 -1024 64 ) (-664 -1024 64 ) 
4 257 314 (-663 -1024 64 ) (-663 -1024 193 ) (-664 -1024 193 ) (-664 -1024 64 ) 
4 257 283 (-663 -601 48 ) (-663 -1024 48 ) (-664 -1024 48 ) (-664 -601 48 ) 
4 257 260 (-664 -601 48 ) (-664 -1024 48 ) (-664 -1024 193 ) (-664 -601 193 ) 
4 258 286 (-784 -292 48 ) (-664 -292 48 ) (-664 -353.100006 48 ) (-784 -353.100006 48 ) 
3 258 261 (-784 -292 61 ) (-784 -292 48 ) (-784 -353.100006 48 ) 
4 259 285 (-664 -367.199982 48 ) (-664 -600 48 ) (-784 -600 48 ) (-784 -367.199982 48 ) 
4 259 265 (-784 -480 48 ) (-784 -600 48 ) (-784 -600 193 ) (-784 -480 193 ) 
4 260 316 (-784 -1024 48 ) (-664 -1024 48 ) (-664 -1024 64 ) (-784 -1024 64 ) 
4 260 314 (-664 -1024 64 ) (-664 -1024 193 ) (-784 -1024 193 ) (-784 -1024 64 ) 
4 260 288 (-664 -601 48 ) (-664 -1024 48 ) (-784 -1024 48 ) (-784 -601 48 ) 
4 260 266 (-784 -601 48 ) (-784 -1024 48 ) (-784 -1024 193 ) (-784 -601 193 ) 
4 261 290 (-785 -292 48 ) (-784 -292 48 ) (-784 -353.100006 48 ) (-785 -353.100006 48 ) 
4 261 262 (-785 -292 58 ) (-785 -292 48 ) (-785 -293 48 ) (-785 -293 58 ) 
3 261 263 (-785 -293 48 ) (-785 -353.100006 48 ) (-785 -293 60.787235 ) 
4 262 291 (-832 -292 48 ) (-785 -292 48 ) (-785 -293 48 ) (-832 -293 48 ) 
4 262 263 (-832 -293 58 ) (-832 -293 48 ) (-785 -293 48 ) (-785 -293 58 ) 
4 262 264 (-832 -292 58 ) (-832 -292 48 ) (-832 -293 48 ) (-832 -293 58 ) 
4 263 291 (-785 -293 48 ) (-785 -479 48 ) (-832 -479 48 ) (-832 -293 48 ) 
4 263 264 (-832 -293 48 ) (-832 -479 48 ) (-832 -479 193 ) (-832 -293 193 ) 
4 264 291 (-971 -292 48 ) (-832 -292 48 ) (-832 -479 48 ) (-971 -479 48 ) 
4 265 294 (-784 -480 48 ) (-784 -600 48 ) (-972 -600 48 ) (-972 -480 48 ) 
4 265 267 (-972 -480 48 ) (-972 -600 48 ) (-972 -600 193 ) (-972 -480 193 ) 
4 266 316 (-972 -1024 48 ) (-784 -1024 48 ) (-784 -1024 64 ) (-972 -1024 64 ) 
4 266 314 (-784 -1024 64 ) (-784 -1024 193 ) (-972 -1024 193 ) (-972 -1024 64 ) 
4 266 295 (-784 -601 48 ) (-784 -1024 48 ) (-972 -1024 48 ) (-972 -601 48 ) 
4 266 268 (-972 -601 48 ) (-972 -1024 48 ) (-972 -1024 193 ) (-972 -601 193 ) 
4 267 307 (-1024 -600 193 ) (-1024 -292 193 ) (-1024 -292 48 ) (-1024 -600 48 ) 
4 267 296 (-1024 -600 48 ) (-1024 -292 48 ) (-972 -292 48 ) (-972 -600 48 ) 
4 268 316 (-1024 -1024 64 ) (-1024 -1024 48 ) (-972 -1024 48 ) (-972 -1024 64 ) 
4 268 314 (-1024 -1024 193 ) (-1024 -1024 64 ) (-972 -1024 64 ) (-972 -1024 193 ) 
4 268 309 (-1024 -1024 48 ) (-1024 -1024 193 ) (-1024 -601 193 ) (-1024 -601 48 ) 
4 268 297 (-1024 -1024 48 ) (-1024 -601 48 ) (-972 -601 48 ) (-972 -1024 48 ) 
13 269 318 (0 -1024 -83.376808 ) (0 -1024 48 ) (-381.607697 -1024 48 ) (-379.015991 -1024 30.666574 ) (-364.406036 -1024 -1.333321 ) (-340.499969 -1024 -31 ) (-308.625122 -1024 -57 ) (-270.109039 -1024 -78.333282 ) (-226.280914 -1024 -94 ) (-178.469009 -1024 -103.667000 ) (-128 -1024 -107 ) (-77.531296 -1024 -103.667000 ) (-29.718773 -1024 -94 ) 
3 270 319 (-382 -1024 -65.361008 ) (-382 -1024 -108 ) (-289.976196 -1024 -108 ) 
4 270 280 (-382 0 -108 ) (-289.976196 0 -108 ) (-289.976196 -1024 -108 ) (-382 -1024 -108 ) 
4 270 274 (-382 -1024 -72.879486 ) (-382 -1024 -65.361008 ) (-382 0 -65.361008 ) (-382 0 -72.879478 ) 
4 270 273 (-382 0 -108 ) (-382 -1024 -108 ) (-382 -1024 -72.879486 ) (-382 0 -72.879478 ) 
4 270 272 (-316.596710 -1024 -95.665894 ) (-289.977173 -1024 -108 ) (-289.977173 0 -108 ) (-316.596710 0 -95.665886 ) 
4 270 271 (-382 0 -65.361412 ) (-382 -1024 -65.361412 ) (-368.389099 -1024 -71.667992 ) (-368.389099 0 -71.667984 ) 
3 271 320 (-382 -1024 -62.380562 ) (-382 -1024 -65.361008 ) (-368.390991 -1024 -71.666702 ) 
4 271 274 (-382 -1024 -65.361008 ) (-382 -1024 -62.380562 ) (-382 0 -62.380562 ) (-382 0 -65.361008 ) 
3 272 321 (-316.593994 -1024 -95.666710 ) (-289.976196 -1024 -108 ) (-275.796967 -1024 -108 ) 
4 272 281 (-289.063110 0 -108 ) (-275.796967 0 -108 ) (-275.796967 -1024 -108 ) (-289.063110 -1024 -108 ) 
4 272 280 (-289.976196 0 -108 ) (-289.063110 0 -108 ) (-289.063110 -1024 -108 ) (-289.976196 -1024 -108 ) 
3 273 323 (-497.590973 -1024 48 ) (-543.764587 -1024 48 ) (-410.890869 -1024 -42.666790 ) 
6 273 322 (-543.764587 -1024 48 ) (-663 -1024 48 ) (-663 -1024 -108 ) (-382 -1024 -108 ) (-382 -1024 -72.879486 ) (-410.890869 -1024 -42.666790 ) 
4 273 284 (-663 -1024 -108 ) (-663 -1024 21 ) (-663 0 21 ) (-663 0 -108 ) 
4 273 282 (-663 -353.100037 48 ) (-663 0 48 ) (-663 0 21 ) (-663 -480 21 ) 
4 273 283 (-663 -1024 21 ) (-663 -1024 48 ) (-663 -601 48 ) (-663 -601 21 ) 
4 273 280 (-490.181580 0 -108 ) (-382 0 -108 ) (-382 -1024 -108 ) (-490.181580 -1024 -108 ) 
4 273 277 (-663 -1024 -108 ) (-663 0 -108 ) (-490.181580 0 -108 ) (-490.181580 -1024 -108 ) 
4 273 276 (-442.766571 0 -9.332233 ) (-457.740967 0 6.327263 ) (-457.740967 -1024 6.327263 ) (-442.766571 -1024 -9.332234 ) 
4 273 275 (-457.740967 0 6.327263 ) (-497.590576 0 48 ) (-497.590576 -1024 48 ) (-457.740967 -1024 6.327263 ) 
4 273 274 (-382 -1024 -72.878906 ) (-382 0 -72.878906 ) (-410.889374 0 -42.667816 ) (-410.889374 -1024 -42.667816 ) 
3 274 322 (-410.890869 -1024 -42.666794 ) (-382 -1024 -72.879486 ) (-382 -1024 -62.380569 ) 
3 275 324 (-465.153870 -1024 48 ) (-497.590973 -1024 48 ) (-457.740906 -1024 6.326706 ) 
4 275 276 (-457.741699 -1024 6.327595 ) (-457.741699 0 6.327586 ) (-461.360016 0 26.668549 ) (-461.360016 -1024 26.668554 ) 
3 276 325 (-461.359039 -1024 26.666641 ) (-457.740906 -1024 6.326706 ) (-442.766022 -1024 -9.333303 ) 
3 277 328 (0 -1024 -157.877563 ) (0 -1024 -135.068268 ) (-194.406021 -1024 -124.332993 ) 
6 277 326 (0 -1024 -256 ) (0 -1024 -157.877563 ) (-194.406021 -1024 -124.332993 ) (-490.181610 -1024 -108 ) (-663 -1024 -108 ) (-663 -1024 -256 ) 
4 277 284 (-663 -1024 -256 ) (-663 -1024 -108 ) (-663 0 -108 ) (-663 0 -256 ) 
4 277 280 (-490.187256 0 -108 ) (-490.187317 -1024 -108 ) (-194.403381 -1024 -124.333450 ) (-194.403351 0 -124.333450 ) 
4 277 278 (-128.002716 -1024 -128 ) (0 -1024 -135.068573 ) (0 0 -135.068573 ) (-128.002701 0 -128 ) 
3 278 329 (0 -1024 -135.068268 ) (0 -1024 -120.931755 ) (-128 -1024 -128 ) 
4 278 279 (-61.594505 -1024 -124.333138 ) (0 -1024 -120.931831 ) (0 0 -120.931831 ) (-61.594494 0 -124.333138 ) 
3 279 330 (0 -1024 -120.931755 ) (0 -1024 -113.705055 ) (-61.593727 -1024 -124.333000 ) 
3 280 326 (-289.063141 -1024 -108 ) (-490.181610 -1024 -108 ) (-194.406006 -1024 -124.332993 ) 
4 280 281 (-289.062073 0 -108 ) (-289.062073 -1024 -108 ) (-258.157257 -1024 -113.332626 ) (-258.157288 0 -113.332619 ) 
3 281 327 (-275.796967 -1024 -108 ) (-289.063141 -1024 -108 ) (-258.156097 -1024 -113.332977 ) 
4 282 287 (-664 0 24 ) (-664 0 21 ) (-664 -480 21 ) (-664 -465.899994 24 ) 
4 282 286 (-664 -353.100037 48 ) (-664 0 48 ) (-664 0 24 ) (-664 -465.899994 24 ) 
4 282 284 (-664 -480 21 ) (-664 0 21 ) (-663 0 21 ) (-663 -480 21 ) 
4 283 322 (-663 -1024 21 ) (-663 -1024 48 ) (-664 -1024 48 ) (-664 -1024 21 ) 
4 283 288 (-664 -1024 48 ) (-664 -601 48 ) (-664 -601 21 ) (-664 -1024 21 ) 
4 283 284 (-664 -1024 21 ) (-664 -601 21 ) (-663 -601 21 ) (-663 -1024 21 ) 
4 284 326 (-663 -1024 -256 ) (-663 -1024 -108 ) (-664 -1024 -108 ) (-664 -1024 -256 ) 
4 284 322 (-663 -1024 -108 ) (-663 -1024 21 ) (-664 -1024 21 ) (-664 -1024 -108 ) 
4 284 289 (-664 0 21 ) (-664 0 -256 ) (-664 -1024 -256 ) (-664 -1024 21 ) 
4 285 294 (-784 -600 48 ) (-784 -480 48 ) (-784 -480 24 ) (-784 -600 24 ) 
4 286 290 (-784 -353.099976 48 ) (-784 0 48 ) (-784 0 24 ) (-784 -465.899994 24 ) 
4 286 287 (-784 -465.899994 24 ) (-784 0 24 ) (-664 0 24 ) (-664 -465.899994 24 ) 
5 287 290 (-784 0 24 ) (-784 0 21 ) (-784 -479 21 ) (-784 -479 21.212767 ) (-784 -465.899994 24 ) 
4 287 289 (-784 -480 21 ) (-784 0 21 ) (-664 0 21 ) (-664 -480 21 ) 
4 288 322 (-664 -1024 21 ) (-664 -1024 48 ) (-784 -1024 48 ) (-784 -1024 21 ) 
4 288 295 (-784 -1024 21 ) (-784 -1024 48 ) (-784 -601 48 ) (-784 -601 21 ) 
4 288 289 (-784 -1024 21 ) (-784 -601 21 ) (-664 -601 21 ) (-664 -1024 21 ) 
4 289 326 (-664 -1024 -256 ) (-664 -1024 -108 ) (-784 -1024 -108 ) (-784 -1024 -256 ) 
4 289 322 (-664 -1024 -108 ) (-664 -1024 21 ) (-784 -1024 21 ) (-784 -1024 -108 ) 
4 289 293 (-784 -1024 -256 ) (-784 -1024 21 ) (-784 -479 21 ) (-784 -479 -256 ) 
4 289 292 (-784 0 -19 ) (-784 0 -256 ) (-784 -479 -256 ) (-784 -479 -19 ) 
4 289 290 (-784 -479 21 ) (-784 0 21 ) (-784 0 -19 ) (-784 -479 -19 ) 
4 290 293 (-785 -479 -19 ) (-784 -479 -19 ) (-784 -479 21 ) (-785 -479 20.787239 ) 
4 290 292 (-784 -479 -19 ) (-785 -479 -19 ) (-785 0 -19 ) (-784 0 -19 ) 
5 290 291 (-785 0 -19 ) (-785 -479 -19 ) (-785 -479 21.212769 ) (-785 -353.100037 48 ) (-785 0 48 ) 
4 291 293 (-971 -479 -19 ) (-785 -479 -19 ) (-785 -479 20.787243 ) (-971 -479 -18.787224 ) 
4 291 292 (-785 -479 -19 ) (-971 -479 -19 ) (-971 0 -19 ) (-785 0 -19 ) 
4 292 298 (-972 0 -19 ) (-972 0 -256 ) (-972 -479 -256 ) (-972 -479 -19 ) 
4 292 293 (-972 -479 -19 ) (-972 -479 -256 ) (-784 -479 -256 ) (-784 -479 -19 ) 
4 293 326 (-784 -1024 -256 ) (-784 -1024 -108 ) (-972 -1024 -108 ) (-972 -1024 -256 ) 
4 293 322 (-784 -1024 -108 ) (-784 -1024 21 ) (-972 -1024 -19 ) (-972 -1024 -108 ) 
4 293 298 (-972 -479 -19 ) (-972 -479 -256 ) (-972 -1024 -256 ) (-972 -1024 -19 ) 
4 293 295 (-972 -601 -19 ) (-972 -1024 -19 ) (-784 -1024 21 ) (-784 -601 21 ) 
4 294 296 (-972 -600 48 ) (-972 -480 48 ) (-972 -480 -16 ) (-972 -600 -16 ) 
4 295 322 (-784 -1024 21 ) (-784 -1024 48 ) (-972 -1024 48 ) (-972 -1024 -19 ) 
4 295 297 (-972 -1024 48 ) (-972 -601 48 ) (-972 -601 -19 ) (-972 -1024 -19 ) 
4 296 307 (-1024 -600 48 ) (-1024 0 48 ) (-1024 0 -16 ) (-1024 -600 -16 ) 
4 297 322 (-972 -1024 -19 ) (-972 -1024 48 ) (-1024 -1024 48 ) (-1024 -1024 -19 ) 
4 297 309 (-1024 -1024 -19 ) (-1024 -1024 48 ) (-1024 -601 48 ) (-1024 -601 -19 ) 
4 297 298 (-972 -601 -19 ) (-972 -1024 -19 ) (-1024 -1024 -19 ) (-1024 -601 -19 ) 
4 298 326 (-972 -1024 -256 ) (-972 -1024 -108 ) (-1024 -1024 -108 ) (-1024 -1024 -256 ) 
4 298 322 (-972 -1024 -108 ) (-972 -1024 -19 ) (-1024 -1024 -19 ) (-1024 -1024 -108 ) 
4 298 311 (-1024 -1024 -256 ) (-1024 -1024 -19 ) (-1024 0 -19 ) (-1024 0 -256 ) 
4 299 304 (-1024 0 194 ) (-1024 0 576 ) (-1331 0 576 ) (-1331 0 194 ) 
4 299 300 (-1331 0 194 ) (-1331 0 576 ) (-1331 1024 576 ) (-1331 1024 194 ) 
4 300 306 (-1331 0 576 ) (-1688 0 576 ) (-1688 0 193 ) (-1331 0 193 ) 
4 300 302 (-1688 0 193 ) (-1688 1024 193 ) (-1331 1024 193 ) (-1331 0 193 ) 
4 301 307 (-1024 0 -16 ) (-1024 0 193 ) (-1330 0 193 ) (-1330 0 -16 ) 
4 302 308 (-1331 0 193 ) (-1688 0 193 ) (-1688 0 -19 ) (-1331 0 -19 ) 
4 302 303 (-1331 0 -19 ) (-1688 0 -19 ) (-1688 1024 -19 ) (-1331 1024 -19 ) 
4 303 311 (-1024 0 -256 ) (-1024 0 -19 ) (-1688 0 -19 ) (-1688 0 -256 ) 
4 304 305 (-1331 -601 576 ) (-1331 -601 194 ) (-1024 -601 194 ) (-1024 -601 576 ) 
4 304 306 (-1331 -601 194 ) (-1331 -601 576 ) (-1331 0 576 ) (-1331 0 194 ) 
4 305 332 (-1024 -1024 193 ) (-1024 -1024 576 ) (-1331 -1024 576 ) (-1331 -1024 193 ) 
4 305 309 (-1024 -1024 193 ) (-1331 -1024 193 ) (-1331 -601 193 ) (-1024 -601 193 ) 
4 305 306 (-1331 -601 193 ) (-1331 -1024 193 ) (-1331 -1024 576 ) (-1331 -601 576 ) 
4 306 332 (-1331 -1024 576 ) (-1688 -1024 576 ) (-1688 -1024 193 ) (-1331 -1024 193 ) 
4 306 310 (-1331 -1024 193 ) (-1688 -1024 193 ) (-1688 -600 193 ) (-1331 -600 193 ) 
4 306 308 (-1688 -600 193 ) (-1688 0 193 ) (-1331 0 193 ) (-1331 -600 193 ) 
4 308 311 (-1688 -600 -19 ) (-1688 0 -19 ) (-1331 0 -19 ) (-1331 -600 -19 ) 
4 308 310 (-1688 -600 -19 ) (-1331 -600 -19 ) (-1331 -600 193 ) (-1688 -600 193 ) 
4 309 332 (-1024 -1024 -19 ) (-1024 -1024 193 ) (-1331 -1024 193 ) (-1331 -1024 -19 ) 
4 309 311 (-1024 -601 -19 ) (-1024 -1024 -19 ) (-1331 -1024 -19 ) (-1331 -601 -19 ) 
4 309 310 (-1331 -601 -19 ) (-1331 -1024 -19 ) (-1331 -1024 193 ) (-1331 -601 193 ) 
4 310 332 (-1331 -1024 193 ) (-1688 -1024 193 ) (-1688 -1024 -19 ) (-1331 -1024 -19 ) 
4 310 311 (-1688 -1024 -19 ) (-1688 -600 -19 ) (-1331 -600 -19 ) (-1331 -1024 -19 ) 
4 311 332 (-1024 -1024 -256 ) (-1024 -1024 -19 ) (-1688 -1024 -19 ) (-1688 -1024 -256 ) 
4 312 317 (0 -1444 64 ) (0 -1444 576 ) (-384 -1444 576 ) (-384 -1444 64 ) 
4 312 315 (0 -1444 64 ) (-384 -1444 64 ) (-384 -1024 64 ) (0 -1024 64 ) 
4 312 313 (-384 -1444 169 ) (-384 -1444 576 ) (-384 -1024 576 ) (-384 -1024 169 ) 
4 313 317 (-384 -1444 576 ) (-468 -1444 576 ) (-468 -1444 169 ) (-384 -1444 169 ) 
4 313 314 (-468 -1444 169 ) (-468 -1444 576 ) (-468 -1024 576 ) (-468 -1024 169 ) 
4 314 332 (-1024 -1024 576 ) (-1024 -1024 64 ) (-1024 -1444 64 ) (-1024 -1444 576 ) 
4 314 317 (-468 -1444 576 ) (-1024 -1444 576 ) (-1024 -1444 64 ) (-468 -1444 64 ) 
4 314 316 (-468 -1444 64 ) (-1024 -1444 64 ) (-1024 -1024 64 ) (-468 -1024 64 ) 
4 315 318 (-381.607727 -1024 48 ) (0 -1024 48 ) (0 -1444 48 ) (-381.607697 -1444 48 ) 
4 315 317 (-381.607727 -1444 48 ) (0 -1444 48 ) (0 -1444 64 ) (-384 -1444 64 ) 
4 316 332 (-1024 -1024 64 ) (-1024 -1024 48 ) (-1024 -1444 48 ) (-1024 -1444 64 ) 
4 316 324 (-497.590973 -1024 48 ) (-465.153870 -1024 48 ) (-465.153870 -1444 48 ) (-497.590973 -1444 48 ) 
4 316 323 (-543.764587 -1024 48 ) (-497.590973 -1024 48 ) (-497.590973 -1444 48 ) (-543.764587 -1444 48 ) 
4 316 322 (-1024 -1444 48 ) (-1024 -1024 48 ) (-543.764587 -1024 48 ) (-543.764587 -1444 48 ) 
4 316 317 (-1024 -1444 48 ) (-465.153870 -1444 48 ) (-468 -1444 64 ) (-1024 -1444 64 ) 
4 317 332 (-1024 -1444 48 ) (-1024 -1792 48 ) (-1024 -1792 576 ) (-1024 -1444 576 ) 
4 317 331 (-1024 -1792 48 ) (-1024 -1444 48 ) (0 -1444 48 ) (0 -1792 48 ) 
13 318 331 (0 -1444 -83.376808 ) (0 -1444 48 ) (-381.607697 -1444 48 ) (-379.015991 -1444 30.666580 ) (-364.406006 -1444 -1.333359 ) (-340.500000 -1444 -31 ) (-308.625000 -1444 -57 ) (-270.109131 -1444 -78.333244 ) (-226.280899 -1444 -94 ) (-178.468994 -1444 -103.667000 ) (-128 -1444 -107 ) (-77.531342 -1444 -103.667000 ) (-29.718746 -1444 -94 ) 
3 319 331 (-382 -1444 -65.361008 ) (-382 -1444 -108 ) (-289.976196 -1444 -108 ) 
4 319 326 (-289.976196 -1444 -108 ) (-382 -1444 -108 ) (-382 -1024 -108 ) (-289.976196 -1024 -108 ) 
4 319 322 (-382 -1024 -108 ) (-382 -1444 -108 ) (-382 -1444 -65.361008 ) (-382 -1024 -65.361008 ) 
4 319 321 (-316.596680 -1444 -95.665901 ) (-289.977142 -1444 -108 ) (-289.977142 -1024 -108 ) (-316.596680 -1024 -95.665901 ) 
4 319 320 (-382 -1024 -65.361412 ) (-382 -1444 -65.361412 ) (-368.389130 -1444 -71.667984 ) (-368.389130 -1024 -71.667984 ) 
3 320 331 (-382 -1444 -62.380562 ) (-382 -1444 -65.361008 ) (-368.390991 -1444 -71.666702 ) 
4 320 322 (-382 -1444 -65.361008 ) (-382 -1444 -62.380562 ) (-382 -1024 -62.380562 ) (-382 -1024 -65.361008 ) 
3 321 331 (-316.593994 -1444 -95.666710 ) (-289.976196 -1444 -108 ) (-275.796967 -1444 -108 ) 
4 321 327 (-275.796967 -1444 -108 ) (-289.063110 -1444 -108 ) (-289.063110 -1024 -108 ) (-275.796967 -1024 -108 ) 
4 321 326 (-289.063110 -1444 -108 ) (-289.976196 -1444 -108 ) (-289.976196 -1024 -108 ) (-289.063110 -1024 -108 ) 
4 322 332 (-1024 -1024 48 ) (-1024 -1024 -108 ) (-1024 -1444 -108 ) (-1024 -1444 48 ) 
5 322 331 (-543.764587 -1444 48 ) (-1024 -1444 48 ) (-1024 -1444 -108 ) (-382 -1444 -108 ) (-382 -1444 -62.380554 ) 
4 322 326 (-382 -1444 -108 ) (-1024 -1444 -108 ) (-1024 -1024 -108 ) (-382 -1024 -108 ) 
4 322 323 (-543.761719 -1024 48 ) (-543.761719 -1444 48 ) (-410.895630 -1444 -42.661819 ) (-410.895660 -1024 -42.661816 ) 
3 323 331 (-497.590973 -1444 48 ) (-543.764587 -1444 48 ) (-410.890900 -1444 -42.666763 ) 
4 323 325 (-457.740448 -1444 6.324303 ) (-442.764252 -1444 -9.336722 ) (-442.764221 -1024 -9.336754 ) (-457.740448 -1024 6.324299 ) 
4 323 324 (-497.593750 -1444 48 ) (-457.740448 -1444 6.324303 ) (-457.740448 -1024 6.324299 ) (-497.593750 -1024 48 ) 
3 324 331 (-465.153870 -1444 48 ) (-497.590973 -1444 48 ) (-457.740906 -1444 6.326702 ) 
4 324 325 (-461.359680 -1444 26.667873 ) (-457.741211 -1444 6.326129 ) (-457.741211 -1024 6.326141 ) (-461.359680 -1024 26.667879 ) 
3 325 331 (-461.359039 -1444 26.666639 ) (-457.740906 -1444 6.326702 ) (-442.766022 -1444 -9.333297 ) 
4 326 332 (-1024 -1024 -108 ) (-1024 -1024 -256 ) (-1024 -1444 -256 ) (-1024 -1444 -108 ) 
5 326 331 (0 -1444 -256 ) (0 -1444 -157.877563 ) (-289.063141 -1444 -108 ) (-1024 -1444 -108 ) (-1024 -1444 -256 ) 
4 326 328 (-194.400009 -1444 -124.333321 ) (0 -1444 -157.876862 ) (0 -1024 -157.876862 ) (-194.400009 -1024 -124.333321 ) 
4 326 327 (-289.058990 -1024 -108 ) (-289.058990 -1444 -108 ) (-258.161621 -1444 -113.331314 ) (-258.161621 -1024 -113.331314 ) 
3 327 331 (-275.796967 -1444 -108 ) (-289.063141 -1444 -108 ) (-258.156097 -1444 -113.332985 ) 
3 328 331 (0 -1444 -157.877563 ) (0 -1444 -135.068268 ) (-194.406067 -1444 -124.332993 ) 
4 328 329 (-128.002304 -1444 -128 ) (0 -1444 -135.068527 ) (0 -1024 -135.068542 ) (-128.002350 -1024 -128 ) 
3 329 331 (0 -1444 -135.068268 ) (0 -1444 -120.931755 ) (-128 -1444 -128 ) 
4 329 330 (-61.594498 -1444 -124.333138 ) (0 -1444 -120.931831 ) (0 -1024 -120.931831 ) (-61.594509 -1024 -124.333138 ) 
3 330 331 (0 -1444 -120.931755 ) (0 -1444 -113.705055 ) (-61.593735 -1444 -124.333000 ) 
4 331 332 (-1024 -1792 48 ) (-1024 -1444 48 ) (-1024 -1444 -256 ) (-1024 -1792 -256 ) 
